mode: atomic
github.com/ThotaGopichandThota/gn-crypto1/signing/disabled/point.go:11.58,13.2 1 1
github.com/ThotaGopichandThota/gn-crypto1/signing/disabled/point.go:16.58,18.2 1 1
github.com/ThotaGopichandThota/gn-crypto1/signing/disabled/point.go:21.62,23.2 1 1
github.com/ThotaGopichandThota/gn-crypto1/signing/disabled/point.go:26.46,28.2 1 1
github.com/ThotaGopichandThota/gn-crypto1/signing/disabled/point.go:31.52,33.2 1 1
github.com/ThotaGopichandThota/gn-crypto1/signing/disabled/point.go:36.47,38.2 1 1
github.com/ThotaGopichandThota/gn-crypto1/signing/disabled/point.go:41.68,43.2 1 1
github.com/ThotaGopichandThota/gn-crypto1/signing/disabled/point.go:46.68,48.2 1 1
github.com/ThotaGopichandThota/gn-crypto1/signing/disabled/point.go:51.45,53.2 1 1
github.com/ThotaGopichandThota/gn-crypto1/signing/disabled/point.go:56.69,58.2 1 1
github.com/ThotaGopichandThota/gn-crypto1/signing/disabled/point.go:61.55,63.2 1 1
github.com/ThotaGopichandThota/gn-crypto1/signing/disabled/point.go:66.57,68.2 1 1
github.com/ThotaGopichandThota/gn-crypto1/signing/disabled/point.go:71.48,73.2 1 1
github.com/ThotaGopichandThota/gn-crypto1/signing/disabled/scalar.go:10.59,12.2 1 1
github.com/ThotaGopichandThota/gn-crypto1/signing/disabled/scalar.go:15.59,17.2 1 1
github.com/ThotaGopichandThota/gn-crypto1/signing/disabled/scalar.go:20.64,22.2 1 1
github.com/ThotaGopichandThota/gn-crypto1/signing/disabled/scalar.go:25.54,27.2 1 1
github.com/ThotaGopichandThota/gn-crypto1/signing/disabled/scalar.go:30.49,32.2 1 1
github.com/ThotaGopichandThota/gn-crypto1/signing/disabled/scalar.go:35.46,36.2 0 1
github.com/ThotaGopichandThota/gn-crypto1/signing/disabled/scalar.go:39.48,41.2 1 1
github.com/ThotaGopichandThota/gn-crypto1/signing/disabled/scalar.go:44.71,46.2 1 1
github.com/ThotaGopichandThota/gn-crypto1/signing/disabled/scalar.go:49.71,51.2 1 1
github.com/ThotaGopichandThota/gn-crypto1/signing/disabled/scalar.go:54.47,56.2 1 1
github.com/ThotaGopichandThota/gn-crypto1/signing/disabled/scalar.go:59.47,61.2 1 1
github.com/ThotaGopichandThota/gn-crypto1/signing/disabled/scalar.go:64.71,66.2 1 1
github.com/ThotaGopichandThota/gn-crypto1/signing/disabled/scalar.go:69.71,71.2 1 1
github.com/ThotaGopichandThota/gn-crypto1/signing/disabled/scalar.go:74.71,76.2 1 1
github.com/ThotaGopichandThota/gn-crypto1/signing/disabled/scalar.go:79.57,81.2 1 1
github.com/ThotaGopichandThota/gn-crypto1/signing/disabled/scalar.go:84.69,86.2 1 1
github.com/ThotaGopichandThota/gn-crypto1/signing/disabled/scalar.go:89.58,91.2 1 1
github.com/ThotaGopichandThota/gn-crypto1/signing/disabled/scalar.go:94.49,96.2 1 1
github.com/ThotaGopichandThota/gn-crypto1/signing/disabled/suite.go:17.40,19.2 1 1
github.com/ThotaGopichandThota/gn-crypto1/signing/disabled/suite.go:22.42,24.2 1 1
github.com/ThotaGopichandThota/gn-crypto1/signing/disabled/suite.go:27.42,29.2 1 1
github.com/ThotaGopichandThota/gn-crypto1/signing/disabled/suite.go:32.55,34.2 1 1
github.com/ThotaGopichandThota/gn-crypto1/signing/disabled/suite.go:37.41,39.2 1 1
github.com/ThotaGopichandThota/gn-crypto1/signing/disabled/suite.go:42.53,44.2 1 1
github.com/ThotaGopichandThota/gn-crypto1/signing/disabled/suite.go:47.86,49.2 1 1
github.com/ThotaGopichandThota/gn-crypto1/signing/disabled/suite.go:52.48,54.2 1 1
github.com/ThotaGopichandThota/gn-crypto1/signing/disabled/suite.go:57.55,59.2 1 1
github.com/ThotaGopichandThota/gn-crypto1/signing/disabled/suite.go:62.72,64.2 1 1
github.com/ThotaGopichandThota/gn-crypto1/signing/disabled/suite.go:67.58,69.2 1 1
github.com/ThotaGopichandThota/gn-crypto1/signing/disabled/suite.go:72.59,74.2 1 1
github.com/ThotaGopichandThota/gn-crypto1/signing/key.go:34.56,36.2 1 17
github.com/ThotaGopichandThota/gn-crypto1/signing/key.go:39.78,42.16 2 9
github.com/ThotaGopichandThota/gn-crypto1/signing/key.go:42.16,43.50 1 1
github.com/ThotaGopichandThota/gn-crypto1/signing/key.go:46.2,52.4 1 8
github.com/ThotaGopichandThota/gn-crypto1/signing/key.go:56.86,57.17 1 3
github.com/ThotaGopichandThota/gn-crypto1/signing/key.go:57.17,59.3 1 1
github.com/ThotaGopichandThota/gn-crypto1/signing/key.go:60.2,62.16 3 2
github.com/ThotaGopichandThota/gn-crypto1/signing/key.go:62.16,64.3 1 1
github.com/ThotaGopichandThota/gn-crypto1/signing/key.go:66.2,69.8 1 1
github.com/ThotaGopichandThota/gn-crypto1/signing/key.go:73.84,74.35 1 3
github.com/ThotaGopichandThota/gn-crypto1/signing/key.go:74.35,76.3 1 1
github.com/ThotaGopichandThota/gn-crypto1/signing/key.go:78.2,80.16 3 2
github.com/ThotaGopichandThota/gn-crypto1/signing/key.go:80.16,82.3 1 1
github.com/ThotaGopichandThota/gn-crypto1/signing/key.go:84.2,87.8 1 1
github.com/ThotaGopichandThota/gn-crypto1/signing/key.go:91.61,93.2 1 0
github.com/ThotaGopichandThota/gn-crypto1/signing/key.go:96.46,98.2 1 2
github.com/ThotaGopichandThota/gn-crypto1/signing/key.go:101.47,103.2 1 0
github.com/ThotaGopichandThota/gn-crypto1/signing/key.go:105.93,106.24 1 9
github.com/ThotaGopichandThota/gn-crypto1/signing/key.go:106.24,108.3 1 1
github.com/ThotaGopichandThota/gn-crypto1/signing/key.go:110.2,112.29 2 8
github.com/ThotaGopichandThota/gn-crypto1/signing/key.go:116.54,118.2 1 1
github.com/ThotaGopichandThota/gn-crypto1/signing/key.go:121.58,123.16 2 1
github.com/ThotaGopichandThota/gn-crypto1/signing/key.go:123.16,126.3 1 0
github.com/ThotaGopichandThota/gn-crypto1/signing/key.go:128.2,131.3 1 1
github.com/ThotaGopichandThota/gn-crypto1/signing/key.go:135.45,137.2 1 1
github.com/ThotaGopichandThota/gn-crypto1/signing/key.go:140.47,142.2 1 4
github.com/ThotaGopichandThota/gn-crypto1/signing/key.go:145.46,147.2 1 0
github.com/ThotaGopichandThota/gn-crypto1/signing/key.go:150.52,152.2 1 1
github.com/ThotaGopichandThota/gn-crypto1/signing/key.go:155.43,157.2 1 1
github.com/ThotaGopichandThota/gn-crypto1/signing/key.go:160.43,162.2 1 4
github.com/ThotaGopichandThota/gn-crypto1/signing/key.go:165.44,167.2 1 0
github.com/ThotaGopichandThota/gn-crypto1/signing/disabled/multisig/disabled.go:10.87,12.2 1 1
github.com/ThotaGopichandThota/gn-crypto1/signing/disabled/multisig/disabled.go:15.87,17.2 1 1
github.com/ThotaGopichandThota/gn-crypto1/signing/disabled/multisig/disabled.go:20.84,22.2 1 1
github.com/ThotaGopichandThota/gn-crypto1/signing/disabled/multisig/disabled.go:25.88,27.2 1 1
github.com/ThotaGopichandThota/gn-crypto1/signing/disabled/multisig/disabled.go:30.52,32.2 1 1
github.com/ThotaGopichandThota/gn-crypto1/signing/disabled/singlesig/disabled.go:12.83,14.2 1 1
github.com/ThotaGopichandThota/gn-crypto1/signing/disabled/singlesig/disabled.go:17.84,19.2 1 1
github.com/ThotaGopichandThota/gn-crypto1/signing/disabled/singlesig/disabled.go:22.53,24.2 1 1
github.com/ThotaGopichandThota/gn-crypto1/signing/ed25519/singlesig/ed25519.go:15.85,16.26 1 7
github.com/ThotaGopichandThota/gn-crypto1/signing/ed25519/singlesig/ed25519.go:16.26,18.3 1 1
github.com/ThotaGopichandThota/gn-crypto1/signing/ed25519/singlesig/ed25519.go:20.2,21.9 2 6
github.com/ThotaGopichandThota/gn-crypto1/signing/ed25519/singlesig/ed25519.go:21.9,23.3 1 1
github.com/ThotaGopichandThota/gn-crypto1/signing/ed25519/singlesig/ed25519.go:24.2,24.50 1 5
github.com/ThotaGopichandThota/gn-crypto1/signing/ed25519/singlesig/ed25519.go:24.50,26.3 1 1
github.com/ThotaGopichandThota/gn-crypto1/signing/ed25519/singlesig/ed25519.go:28.2,30.17 2 4
github.com/ThotaGopichandThota/gn-crypto1/signing/ed25519/singlesig/ed25519.go:34.87,35.25 1 6
github.com/ThotaGopichandThota/gn-crypto1/signing/ed25519/singlesig/ed25519.go:35.25,37.3 1 1
github.com/ThotaGopichandThota/gn-crypto1/signing/ed25519/singlesig/ed25519.go:39.2,40.9 2 5
github.com/ThotaGopichandThota/gn-crypto1/signing/ed25519/singlesig/ed25519.go:40.9,42.3 1 1
github.com/ThotaGopichandThota/gn-crypto1/signing/ed25519/singlesig/ed25519.go:43.2,43.48 1 4
github.com/ThotaGopichandThota/gn-crypto1/signing/ed25519/singlesig/ed25519.go:43.48,45.3 1 1
github.com/ThotaGopichandThota/gn-crypto1/signing/ed25519/singlesig/ed25519.go:47.2,48.17 2 3
github.com/ThotaGopichandThota/gn-crypto1/signing/ed25519/singlesig/ed25519.go:48.17,50.3 1 2
github.com/ThotaGopichandThota/gn-crypto1/signing/ed25519/singlesig/ed25519.go:52.2,52.12 1 1
github.com/ThotaGopichandThota/gn-crypto1/signing/ed25519/singlesig/ed25519.go:56.47,58.2 1 0
github.com/ThotaGopichandThota/gn-crypto1/encryption/x25519/point.go:21.59,22.20 1 9
github.com/ThotaGopichandThota/gn-crypto1/encryption/x25519/point.go:22.20,24.3 1 1
github.com/ThotaGopichandThota/gn-crypto1/encryption/x25519/point.go:26.2,27.9 2 8
github.com/ThotaGopichandThota/gn-crypto1/encryption/x25519/point.go:27.9,29.3 1 1
github.com/ThotaGopichandThota/gn-crypto1/encryption/x25519/point.go:31.2,31.57 1 7
github.com/ThotaGopichandThota/gn-crypto1/encryption/x25519/point.go:35.54,37.2 1 0
github.com/ThotaGopichandThota/gn-crypto1/encryption/x25519/point.go:40.55,42.2 1 4
github.com/ThotaGopichandThota/gn-crypto1/encryption/x25519/point.go:45.59,48.2 2 1
github.com/ThotaGopichandThota/gn-crypto1/encryption/x25519/point.go:51.49,52.20 1 5
github.com/ThotaGopichandThota/gn-crypto1/encryption/x25519/point.go:52.20,54.3 1 1
github.com/ThotaGopichandThota/gn-crypto1/encryption/x25519/point.go:56.2,57.9 2 4
github.com/ThotaGopichandThota/gn-crypto1/encryption/x25519/point.go:57.9,59.3 1 0
github.com/ThotaGopichandThota/gn-crypto1/encryption/x25519/point.go:61.2,62.12 2 4
github.com/ThotaGopichandThota/gn-crypto1/encryption/x25519/point.go:66.60,68.16 2 4
github.com/ThotaGopichandThota/gn-crypto1/encryption/x25519/point.go:68.16,70.3 1 0
github.com/ThotaGopichandThota/gn-crypto1/encryption/x25519/point.go:72.2,73.12 2 4
github.com/ThotaGopichandThota/gn-crypto1/encryption/x25519/point.go:77.44,82.2 3 2
github.com/ThotaGopichandThota/gn-crypto1/encryption/x25519/point.go:85.43,90.2 2 0
github.com/ThotaGopichandThota/gn-crypto1/encryption/x25519/point.go:93.43,98.2 2 0
github.com/ThotaGopichandThota/gn-crypto1/encryption/x25519/point.go:101.65,106.2 2 0
github.com/ThotaGopichandThota/gn-crypto1/encryption/x25519/point.go:109.65,114.2 2 0
github.com/ThotaGopichandThota/gn-crypto1/encryption/x25519/point.go:117.42,122.2 2 0
github.com/ThotaGopichandThota/gn-crypto1/encryption/x25519/point.go:125.66,130.2 2 0
github.com/ThotaGopichandThota/gn-crypto1/encryption/x25519/point.go:133.52,138.2 2 0
github.com/ThotaGopichandThota/gn-crypto1/encryption/x25519/point.go:141.45,143.2 1 11
github.com/ThotaGopichandThota/gn-crypto1/encryption/x25519/pubKeyEncryptor.go:60.123,65.16 4 1
github.com/ThotaGopichandThota/gn-crypto1/encryption/x25519/pubKeyEncryptor.go:65.16,67.3 1 0
github.com/ThotaGopichandThota/gn-crypto1/encryption/x25519/pubKeyEncryptor.go:69.2,70.16 2 1
github.com/ThotaGopichandThota/gn-crypto1/encryption/x25519/pubKeyEncryptor.go:70.16,72.3 1 0
github.com/ThotaGopichandThota/gn-crypto1/encryption/x25519/pubKeyEncryptor.go:74.2,75.16 2 1
github.com/ThotaGopichandThota/gn-crypto1/encryption/x25519/pubKeyEncryptor.go:75.16,77.3 1 0
github.com/ThotaGopichandThota/gn-crypto1/encryption/x25519/pubKeyEncryptor.go:79.2,80.16 2 1
github.com/ThotaGopichandThota/gn-crypto1/encryption/x25519/pubKeyEncryptor.go:80.16,82.3 1 0
github.com/ThotaGopichandThota/gn-crypto1/encryption/x25519/pubKeyEncryptor.go:83.2,86.16 3 1
github.com/ThotaGopichandThota/gn-crypto1/encryption/x25519/pubKeyEncryptor.go:86.16,88.3 1 0
github.com/ThotaGopichandThota/gn-crypto1/encryption/x25519/pubKeyEncryptor.go:90.2,99.12 9 1
github.com/ThotaGopichandThota/gn-crypto1/encryption/x25519/pubKeyEncryptor.go:105.89,107.16 2 5
github.com/ThotaGopichandThota/gn-crypto1/encryption/x25519/pubKeyEncryptor.go:107.16,109.3 1 0
github.com/ThotaGopichandThota/gn-crypto1/encryption/x25519/pubKeyEncryptor.go:111.2,112.16 2 5
github.com/ThotaGopichandThota/gn-crypto1/encryption/x25519/pubKeyEncryptor.go:112.16,114.3 1 0
github.com/ThotaGopichandThota/gn-crypto1/encryption/x25519/pubKeyEncryptor.go:116.2,117.16 2 5
github.com/ThotaGopichandThota/gn-crypto1/encryption/x25519/pubKeyEncryptor.go:117.16,119.3 1 2
github.com/ThotaGopichandThota/gn-crypto1/encryption/x25519/pubKeyEncryptor.go:121.2,121.71 1 3
github.com/ThotaGopichandThota/gn-crypto1/encryption/x25519/pubKeyEncryptor.go:124.136,130.16 5 3
github.com/ThotaGopichandThota/gn-crypto1/encryption/x25519/pubKeyEncryptor.go:130.16,132.3 1 0
github.com/ThotaGopichandThota/gn-crypto1/encryption/x25519/pubKeyEncryptor.go:133.2,137.16 4 3
github.com/ThotaGopichandThota/gn-crypto1/encryption/x25519/pubKeyEncryptor.go:137.16,139.3 1 0
github.com/ThotaGopichandThota/gn-crypto1/encryption/x25519/pubKeyEncryptor.go:141.2,142.16 2 3
github.com/ThotaGopichandThota/gn-crypto1/encryption/x25519/pubKeyEncryptor.go:142.16,144.3 1 0
github.com/ThotaGopichandThota/gn-crypto1/encryption/x25519/pubKeyEncryptor.go:146.2,148.16 3 3
github.com/ThotaGopichandThota/gn-crypto1/encryption/x25519/pubKeyEncryptor.go:148.16,150.3 1 0
github.com/ThotaGopichandThota/gn-crypto1/encryption/x25519/pubKeyEncryptor.go:152.2,158.14 6 3
github.com/ThotaGopichandThota/gn-crypto1/encryption/x25519/pubKeyEncryptor.go:158.14,160.3 1 1
github.com/ThotaGopichandThota/gn-crypto1/encryption/x25519/pubKeyEncryptor.go:162.2,162.30 1 2
github.com/ThotaGopichandThota/gn-crypto1/encryption/x25519/pubKeyEncryptor.go:165.88,167.16 2 1
github.com/ThotaGopichandThota/gn-crypto1/encryption/x25519/pubKeyEncryptor.go:167.16,169.3 1 0
github.com/ThotaGopichandThota/gn-crypto1/encryption/x25519/pubKeyEncryptor.go:171.2,173.16 3 1
github.com/ThotaGopichandThota/gn-crypto1/encryption/x25519/pubKeyEncryptor.go:173.16,175.3 1 0
github.com/ThotaGopichandThota/gn-crypto1/encryption/x25519/pubKeyEncryptor.go:177.2,177.31 1 1
github.com/ThotaGopichandThota/gn-crypto1/encryption/x25519/pubKeyEncryptor.go:180.79,183.16 3 1
github.com/ThotaGopichandThota/gn-crypto1/encryption/x25519/pubKeyEncryptor.go:183.16,185.3 1 0
github.com/ThotaGopichandThota/gn-crypto1/encryption/x25519/pubKeyEncryptor.go:187.2,189.55 3 1
github.com/ThotaGopichandThota/gn-crypto1/encryption/x25519/pubKeyEncryptor.go:189.55,191.3 1 0
github.com/ThotaGopichandThota/gn-crypto1/encryption/x25519/pubKeyEncryptor.go:193.2,195.19 2 1
github.com/ThotaGopichandThota/gn-crypto1/encryption/x25519/pubKeyEncryptor.go:198.97,201.16 3 1
github.com/ThotaGopichandThota/gn-crypto1/encryption/x25519/pubKeyEncryptor.go:201.16,203.3 1 0
github.com/ThotaGopichandThota/gn-crypto1/encryption/x25519/pubKeyEncryptor.go:205.2,207.16 3 1
github.com/ThotaGopichandThota/gn-crypto1/encryption/x25519/pubKeyEncryptor.go:207.16,209.3 1 0
github.com/ThotaGopichandThota/gn-crypto1/encryption/x25519/pubKeyEncryptor.go:211.2,211.17 1 1
github.com/ThotaGopichandThota/gn-crypto1/encryption/x25519/pubKeyEncryptor.go:214.148,216.16 2 1
github.com/ThotaGopichandThota/gn-crypto1/encryption/x25519/pubKeyEncryptor.go:216.16,218.3 1 0
github.com/ThotaGopichandThota/gn-crypto1/encryption/x25519/pubKeyEncryptor.go:220.2,221.16 2 1
github.com/ThotaGopichandThota/gn-crypto1/encryption/x25519/pubKeyEncryptor.go:221.16,223.3 1 0
github.com/ThotaGopichandThota/gn-crypto1/encryption/x25519/pubKeyEncryptor.go:225.2,227.16 3 1
github.com/ThotaGopichandThota/gn-crypto1/encryption/x25519/pubKeyEncryptor.go:227.16,229.3 1 0
github.com/ThotaGopichandThota/gn-crypto1/encryption/x25519/pubKeyEncryptor.go:231.2,238.88 7 1
github.com/ThotaGopichandThota/gn-crypto1/encryption/x25519/pubKeyEncryptor.go:241.62,243.16 2 5
github.com/ThotaGopichandThota/gn-crypto1/encryption/x25519/pubKeyEncryptor.go:243.16,245.3 1 0
github.com/ThotaGopichandThota/gn-crypto1/encryption/x25519/pubKeyEncryptor.go:246.2,247.16 2 5
github.com/ThotaGopichandThota/gn-crypto1/encryption/x25519/pubKeyEncryptor.go:247.16,249.3 1 0
github.com/ThotaGopichandThota/gn-crypto1/encryption/x25519/pubKeyEncryptor.go:251.2,253.16 3 5
github.com/ThotaGopichandThota/gn-crypto1/encryption/x25519/pubKeyEncryptor.go:253.16,255.3 1 0
github.com/ThotaGopichandThota/gn-crypto1/encryption/x25519/pubKeyEncryptor.go:257.2,260.16 4 5
github.com/ThotaGopichandThota/gn-crypto1/encryption/x25519/pubKeyEncryptor.go:260.16,262.3 1 0
github.com/ThotaGopichandThota/gn-crypto1/encryption/x25519/pubKeyEncryptor.go:264.2,266.16 3 5
github.com/ThotaGopichandThota/gn-crypto1/encryption/x25519/pubKeyEncryptor.go:266.16,268.3 1 2
github.com/ThotaGopichandThota/gn-crypto1/encryption/x25519/pubKeyEncryptor.go:270.2,270.12 1 3
github.com/ThotaGopichandThota/gn-crypto1/encryption/x25519/scalar.go:19.50,21.16 2 0
github.com/ThotaGopichandThota/gn-crypto1/encryption/x25519/scalar.go:21.16,23.3 1 0
github.com/ThotaGopichandThota/gn-crypto1/encryption/x25519/scalar.go:25.2,25.20 1 0
github.com/ThotaGopichandThota/gn-crypto1/encryption/x25519/scalar.go:33.61,35.16 2 10
github.com/ThotaGopichandThota/gn-crypto1/encryption/x25519/scalar.go:35.16,37.3 1 2
github.com/ThotaGopichandThota/gn-crypto1/encryption/x25519/scalar.go:39.2,39.51 1 8
github.com/ThotaGopichandThota/gn-crypto1/encryption/x25519/scalar.go:43.51,45.16 2 5
github.com/ThotaGopichandThota/gn-crypto1/encryption/x25519/scalar.go:45.16,47.3 1 1
github.com/ThotaGopichandThota/gn-crypto1/encryption/x25519/scalar.go:49.2,51.12 2 4
github.com/ThotaGopichandThota/gn-crypto1/encryption/x25519/scalar.go:55.61,63.2 5 1
github.com/ThotaGopichandThota/gn-crypto1/encryption/x25519/scalar.go:66.46,71.2 3 2
github.com/ThotaGopichandThota/gn-crypto1/encryption/x25519/scalar.go:74.55,76.16 2 14
github.com/ThotaGopichandThota/gn-crypto1/encryption/x25519/scalar.go:76.16,80.3 2 1
github.com/ThotaGopichandThota/gn-crypto1/encryption/x25519/scalar.go:82.2,82.21 1 13
github.com/ThotaGopichandThota/gn-crypto1/encryption/x25519/scalar.go:86.56,88.16 2 3
github.com/ThotaGopichandThota/gn-crypto1/encryption/x25519/scalar.go:88.16,90.3 1 1
github.com/ThotaGopichandThota/gn-crypto1/encryption/x25519/scalar.go:92.2,92.26 1 2
github.com/ThotaGopichandThota/gn-crypto1/encryption/x25519/scalar.go:96.56,98.16 2 3
github.com/ThotaGopichandThota/gn-crypto1/encryption/x25519/scalar.go:98.16,100.3 1 1
github.com/ThotaGopichandThota/gn-crypto1/encryption/x25519/scalar.go:102.2,104.12 2 2
github.com/ThotaGopichandThota/gn-crypto1/encryption/x25519/scalar.go:108.42,111.2 1 0
github.com/ThotaGopichandThota/gn-crypto1/encryption/x25519/scalar.go:114.45,119.2 2 0
github.com/ThotaGopichandThota/gn-crypto1/encryption/x25519/scalar.go:122.68,127.2 2 0
github.com/ThotaGopichandThota/gn-crypto1/encryption/x25519/scalar.go:130.68,135.2 2 0
github.com/ThotaGopichandThota/gn-crypto1/encryption/x25519/scalar.go:138.44,143.2 2 0
github.com/ThotaGopichandThota/gn-crypto1/encryption/x25519/scalar.go:146.44,151.2 2 0
github.com/ThotaGopichandThota/gn-crypto1/encryption/x25519/scalar.go:154.68,159.2 2 0
github.com/ThotaGopichandThota/gn-crypto1/encryption/x25519/scalar.go:162.68,167.2 2 0
github.com/ThotaGopichandThota/gn-crypto1/encryption/x25519/scalar.go:170.68,175.2 2 0
github.com/ThotaGopichandThota/gn-crypto1/encryption/x25519/scalar.go:178.54,183.2 2 0
github.com/ThotaGopichandThota/gn-crypto1/encryption/x25519/scalar.go:187.66,192.2 2 0
github.com/ThotaGopichandThota/gn-crypto1/encryption/x25519/scalar.go:195.46,197.2 1 12
github.com/ThotaGopichandThota/gn-crypto1/encryption/x25519/scalar.go:199.85,200.20 1 15
github.com/ThotaGopichandThota/gn-crypto1/encryption/x25519/scalar.go:200.20,202.3 1 2
github.com/ThotaGopichandThota/gn-crypto1/encryption/x25519/scalar.go:204.2,205.9 2 13
github.com/ThotaGopichandThota/gn-crypto1/encryption/x25519/scalar.go:205.9,207.3 1 1
github.com/ThotaGopichandThota/gn-crypto1/encryption/x25519/scalar.go:209.2,209.24 1 12
github.com/ThotaGopichandThota/gn-crypto1/encryption/x25519/scalar.go:212.39,213.39 1 22
github.com/ThotaGopichandThota/gn-crypto1/encryption/x25519/scalar.go:213.39,215.3 1 4
github.com/ThotaGopichandThota/gn-crypto1/encryption/x25519/scalar.go:217.2,217.12 1 18
github.com/ThotaGopichandThota/gn-crypto1/encryption/x25519/suite.go:19.31,21.2 1 31
github.com/ThotaGopichandThota/gn-crypto1/encryption/x25519/suite.go:26.69,30.47 3 21
github.com/ThotaGopichandThota/gn-crypto1/encryption/x25519/suite.go:30.47,33.3 2 0
github.com/ThotaGopichandThota/gn-crypto1/encryption/x25519/suite.go:35.2,36.16 2 21
github.com/ThotaGopichandThota/gn-crypto1/encryption/x25519/suite.go:36.16,39.3 2 0
github.com/ThotaGopichandThota/gn-crypto1/encryption/x25519/suite.go:41.2,41.48 1 21
github.com/ThotaGopichandThota/gn-crypto1/encryption/x25519/suite.go:45.50,48.2 2 17
github.com/ThotaGopichandThota/gn-crypto1/encryption/x25519/suite.go:53.88,55.9 2 0
github.com/ThotaGopichandThota/gn-crypto1/encryption/x25519/suite.go:55.9,57.3 1 0
github.com/ThotaGopichandThota/gn-crypto1/encryption/x25519/suite.go:59.2,60.16 2 0
github.com/ThotaGopichandThota/gn-crypto1/encryption/x25519/suite.go:60.16,62.3 1 0
github.com/ThotaGopichandThota/gn-crypto1/encryption/x25519/suite.go:64.2,64.37 1 0
github.com/ThotaGopichandThota/gn-crypto1/encryption/x25519/suite.go:68.39,70.2 1 1
github.com/ThotaGopichandThota/gn-crypto1/encryption/x25519/suite.go:73.39,75.2 1 1
github.com/ThotaGopichandThota/gn-crypto1/encryption/x25519/suite.go:78.52,80.41 2 20
github.com/ThotaGopichandThota/gn-crypto1/encryption/x25519/suite.go:80.41,83.3 2 0
github.com/ThotaGopichandThota/gn-crypto1/encryption/x25519/suite.go:85.2,85.26 1 20
github.com/ThotaGopichandThota/gn-crypto1/encryption/x25519/suite.go:89.38,91.2 1 1
github.com/ThotaGopichandThota/gn-crypto1/encryption/x25519/suite.go:94.56,99.2 2 0
github.com/ThotaGopichandThota/gn-crypto1/encryption/x25519/suite.go:102.64,103.37 1 0
github.com/ThotaGopichandThota/gn-crypto1/encryption/x25519/suite.go:103.37,105.3 1 0
github.com/ThotaGopichandThota/gn-crypto1/encryption/x25519/suite.go:107.2,108.42 2 0
github.com/ThotaGopichandThota/gn-crypto1/encryption/x25519/suite.go:112.52,117.2 2 0
github.com/ThotaGopichandThota/gn-crypto1/encryption/x25519/suite.go:120.45,122.2 1 1
github.com/ThotaGopichandThota/gn-crypto1/signing/ed25519/point.go:23.61,24.20 1 9
github.com/ThotaGopichandThota/gn-crypto1/signing/ed25519/point.go:24.20,26.3 1 1
github.com/ThotaGopichandThota/gn-crypto1/signing/ed25519/point.go:28.2,29.9 2 8
github.com/ThotaGopichandThota/gn-crypto1/signing/ed25519/point.go:29.9,31.3 1 1
github.com/ThotaGopichandThota/gn-crypto1/signing/ed25519/point.go:33.2,33.59 1 7
github.com/ThotaGopichandThota/gn-crypto1/signing/ed25519/point.go:37.56,39.2 1 0
github.com/ThotaGopichandThota/gn-crypto1/signing/ed25519/point.go:42.57,44.2 1 1
github.com/ThotaGopichandThota/gn-crypto1/signing/ed25519/point.go:47.61,50.2 2 2
github.com/ThotaGopichandThota/gn-crypto1/signing/ed25519/point.go:53.51,54.20 1 5
github.com/ThotaGopichandThota/gn-crypto1/signing/ed25519/point.go:54.20,56.3 1 1
github.com/ThotaGopichandThota/gn-crypto1/signing/ed25519/point.go:58.2,59.9 2 4
github.com/ThotaGopichandThota/gn-crypto1/signing/ed25519/point.go:59.9,61.3 1 0
github.com/ThotaGopichandThota/gn-crypto1/signing/ed25519/point.go:63.2,64.12 2 4
github.com/ThotaGopichandThota/gn-crypto1/signing/ed25519/point.go:68.46,73.2 3 2
github.com/ThotaGopichandThota/gn-crypto1/signing/ed25519/point.go:76.45,81.2 2 0
github.com/ThotaGopichandThota/gn-crypto1/signing/ed25519/point.go:84.45,89.2 2 0
github.com/ThotaGopichandThota/gn-crypto1/signing/ed25519/point.go:92.67,97.2 2 0
github.com/ThotaGopichandThota/gn-crypto1/signing/ed25519/point.go:100.67,105.2 2 0
github.com/ThotaGopichandThota/gn-crypto1/signing/ed25519/point.go:108.44,113.2 2 0
github.com/ThotaGopichandThota/gn-crypto1/signing/ed25519/point.go:116.68,121.2 2 0
github.com/ThotaGopichandThota/gn-crypto1/signing/ed25519/point.go:124.54,129.2 2 0
github.com/ThotaGopichandThota/gn-crypto1/signing/ed25519/point.go:132.47,134.2 1 11
github.com/ThotaGopichandThota/gn-crypto1/signing/ed25519/scalar.go:19.63,21.16 2 10
github.com/ThotaGopichandThota/gn-crypto1/signing/ed25519/scalar.go:21.16,23.3 1 2
github.com/ThotaGopichandThota/gn-crypto1/signing/ed25519/scalar.go:25.2,25.52 1 8
github.com/ThotaGopichandThota/gn-crypto1/signing/ed25519/scalar.go:29.53,31.16 2 5
github.com/ThotaGopichandThota/gn-crypto1/signing/ed25519/scalar.go:31.16,33.3 1 1
github.com/ThotaGopichandThota/gn-crypto1/signing/ed25519/scalar.go:35.2,37.12 2 4
github.com/ThotaGopichandThota/gn-crypto1/signing/ed25519/scalar.go:41.48,46.2 3 2
github.com/ThotaGopichandThota/gn-crypto1/signing/ed25519/scalar.go:49.57,51.16 2 15
github.com/ThotaGopichandThota/gn-crypto1/signing/ed25519/scalar.go:51.16,55.3 2 1
github.com/ThotaGopichandThota/gn-crypto1/signing/ed25519/scalar.go:57.2,57.22 1 14
github.com/ThotaGopichandThota/gn-crypto1/signing/ed25519/scalar.go:61.58,63.16 2 3
github.com/ThotaGopichandThota/gn-crypto1/signing/ed25519/scalar.go:63.16,65.3 1 1
github.com/ThotaGopichandThota/gn-crypto1/signing/ed25519/scalar.go:67.2,67.27 1 2
github.com/ThotaGopichandThota/gn-crypto1/signing/ed25519/scalar.go:71.58,72.16 1 3
github.com/ThotaGopichandThota/gn-crypto1/signing/ed25519/scalar.go:73.24,74.44 1 1
github.com/ThotaGopichandThota/gn-crypto1/signing/ed25519/scalar.go:75.30,77.17 2 1
github.com/ThotaGopichandThota/gn-crypto1/signing/ed25519/scalar.go:77.17,79.4 1 0
github.com/ThotaGopichandThota/gn-crypto1/signing/ed25519/scalar.go:81.3,81.20 1 1
github.com/ThotaGopichandThota/gn-crypto1/signing/ed25519/scalar.go:82.10,83.37 1 1
github.com/ThotaGopichandThota/gn-crypto1/signing/ed25519/scalar.go:86.2,86.12 1 2
github.com/ThotaGopichandThota/gn-crypto1/signing/ed25519/scalar.go:90.44,93.2 1 0
github.com/ThotaGopichandThota/gn-crypto1/signing/ed25519/scalar.go:96.47,101.2 2 0
github.com/ThotaGopichandThota/gn-crypto1/signing/ed25519/scalar.go:104.70,109.2 2 0
github.com/ThotaGopichandThota/gn-crypto1/signing/ed25519/scalar.go:112.70,117.2 2 0
github.com/ThotaGopichandThota/gn-crypto1/signing/ed25519/scalar.go:120.46,125.2 2 0
github.com/ThotaGopichandThota/gn-crypto1/signing/ed25519/scalar.go:128.46,133.2 2 0
github.com/ThotaGopichandThota/gn-crypto1/signing/ed25519/scalar.go:136.70,141.2 2 0
github.com/ThotaGopichandThota/gn-crypto1/signing/ed25519/scalar.go:144.70,149.2 2 0
github.com/ThotaGopichandThota/gn-crypto1/signing/ed25519/scalar.go:152.70,157.2 2 0
github.com/ThotaGopichandThota/gn-crypto1/signing/ed25519/scalar.go:160.56,165.2 2 0
github.com/ThotaGopichandThota/gn-crypto1/signing/ed25519/scalar.go:169.68,174.2 2 0
github.com/ThotaGopichandThota/gn-crypto1/signing/ed25519/scalar.go:177.48,179.2 1 12
github.com/ThotaGopichandThota/gn-crypto1/signing/ed25519/scalar.go:181.95,182.20 1 15
github.com/ThotaGopichandThota/gn-crypto1/signing/ed25519/scalar.go:182.20,184.3 1 2
github.com/ThotaGopichandThota/gn-crypto1/signing/ed25519/scalar.go:186.2,187.9 2 13
github.com/ThotaGopichandThota/gn-crypto1/signing/ed25519/scalar.go:187.9,189.3 1 1
github.com/ThotaGopichandThota/gn-crypto1/signing/ed25519/scalar.go:191.2,191.24 1 12
github.com/ThotaGopichandThota/gn-crypto1/signing/ed25519/scalar.go:194.47,195.40 1 22
github.com/ThotaGopichandThota/gn-crypto1/signing/ed25519/scalar.go:195.40,197.3 1 3
github.com/ThotaGopichandThota/gn-crypto1/signing/ed25519/scalar.go:199.2,201.38 3 19
github.com/ThotaGopichandThota/gn-crypto1/signing/ed25519/scalar.go:201.38,203.3 1 1
github.com/ThotaGopichandThota/gn-crypto1/signing/ed25519/scalar.go:205.2,205.12 1 18
github.com/ThotaGopichandThota/gn-crypto1/signing/ed25519/suite.go:24.33,26.2 1 33
github.com/ThotaGopichandThota/gn-crypto1/signing/ed25519/suite.go:29.70,31.16 2 23
github.com/ThotaGopichandThota/gn-crypto1/signing/ed25519/suite.go:31.16,32.61 1 0
github.com/ThotaGopichandThota/gn-crypto1/signing/ed25519/suite.go:35.2,35.61 1 23
github.com/ThotaGopichandThota/gn-crypto1/signing/ed25519/suite.go:39.51,42.2 2 18
github.com/ThotaGopichandThota/gn-crypto1/signing/ed25519/suite.go:47.89,49.9 2 0
github.com/ThotaGopichandThota/gn-crypto1/signing/ed25519/suite.go:49.9,51.3 1 0
github.com/ThotaGopichandThota/gn-crypto1/signing/ed25519/suite.go:53.2,54.9 2 0
github.com/ThotaGopichandThota/gn-crypto1/signing/ed25519/suite.go:54.9,56.3 1 0
github.com/ThotaGopichandThota/gn-crypto1/signing/ed25519/suite.go:58.2,58.38 1 0
github.com/ThotaGopichandThota/gn-crypto1/signing/ed25519/suite.go:62.40,64.2 1 1
github.com/ThotaGopichandThota/gn-crypto1/signing/ed25519/suite.go:69.40,71.2 1 1
github.com/ThotaGopichandThota/gn-crypto1/signing/ed25519/suite.go:74.53,76.16 2 20
github.com/ThotaGopichandThota/gn-crypto1/signing/ed25519/suite.go:76.16,77.64 1 0
github.com/ThotaGopichandThota/gn-crypto1/signing/ed25519/suite.go:80.2,80.35 1 20
github.com/ThotaGopichandThota/gn-crypto1/signing/ed25519/suite.go:84.39,86.2 1 4
github.com/ThotaGopichandThota/gn-crypto1/signing/ed25519/suite.go:89.57,94.2 2 0
github.com/ThotaGopichandThota/gn-crypto1/signing/ed25519/suite.go:97.65,98.37 1 3
github.com/ThotaGopichandThota/gn-crypto1/signing/ed25519/suite.go:98.37,100.3 1 2
github.com/ThotaGopichandThota/gn-crypto1/signing/ed25519/suite.go:102.2,104.16 3 1
github.com/ThotaGopichandThota/gn-crypto1/signing/ed25519/suite.go:104.16,106.3 1 0
github.com/ThotaGopichandThota/gn-crypto1/signing/ed25519/suite.go:108.2,108.12 1 1
github.com/ThotaGopichandThota/gn-crypto1/signing/ed25519/suite.go:112.53,117.2 2 0
github.com/ThotaGopichandThota/gn-crypto1/signing/ed25519/suite.go:120.46,122.2 1 1
github.com/ThotaGopichandThota/gn-crypto1/signing/mcl/singlesig/bls.go:18.38,20.2 1 12
github.com/ThotaGopichandThota/gn-crypto1/signing/mcl/singlesig/bls.go:23.87,24.26 1 12
github.com/ThotaGopichandThota/gn-crypto1/signing/mcl/singlesig/bls.go:24.26,26.3 1 1
github.com/ThotaGopichandThota/gn-crypto1/signing/mcl/singlesig/bls.go:27.2,27.19 1 11
github.com/ThotaGopichandThota/gn-crypto1/signing/mcl/singlesig/bls.go:27.19,29.3 1 0
github.com/ThotaGopichandThota/gn-crypto1/signing/mcl/singlesig/bls.go:31.2,32.25 2 11
github.com/ThotaGopichandThota/gn-crypto1/signing/mcl/singlesig/bls.go:32.25,34.3 1 1
github.com/ThotaGopichandThota/gn-crypto1/signing/mcl/singlesig/bls.go:36.2,37.41 2 10
github.com/ThotaGopichandThota/gn-crypto1/signing/mcl/singlesig/bls.go:37.41,39.3 1 1
github.com/ThotaGopichandThota/gn-crypto1/signing/mcl/singlesig/bls.go:41.2,44.29 3 9
github.com/ThotaGopichandThota/gn-crypto1/signing/mcl/singlesig/bls.go:48.89,49.25 1 9
github.com/ThotaGopichandThota/gn-crypto1/signing/mcl/singlesig/bls.go:49.25,51.3 1 1
github.com/ThotaGopichandThota/gn-crypto1/signing/mcl/singlesig/bls.go:52.2,52.19 1 8
github.com/ThotaGopichandThota/gn-crypto1/signing/mcl/singlesig/bls.go:52.19,54.3 1 1
github.com/ThotaGopichandThota/gn-crypto1/signing/mcl/singlesig/bls.go:55.2,55.19 1 7
github.com/ThotaGopichandThota/gn-crypto1/signing/mcl/singlesig/bls.go:55.19,57.3 1 1
github.com/ThotaGopichandThota/gn-crypto1/signing/mcl/singlesig/bls.go:59.2,60.24 2 6
github.com/ThotaGopichandThota/gn-crypto1/signing/mcl/singlesig/bls.go:60.24,62.3 1 1
github.com/ThotaGopichandThota/gn-crypto1/signing/mcl/singlesig/bls.go:64.2,65.50 2 5
github.com/ThotaGopichandThota/gn-crypto1/signing/mcl/singlesig/bls.go:65.50,67.3 1 1
github.com/ThotaGopichandThota/gn-crypto1/signing/mcl/singlesig/bls.go:69.2,73.16 4 4
github.com/ThotaGopichandThota/gn-crypto1/signing/mcl/singlesig/bls.go:73.16,75.3 1 0
github.com/ThotaGopichandThota/gn-crypto1/signing/mcl/singlesig/bls.go:77.2,77.33 1 4
github.com/ThotaGopichandThota/gn-crypto1/signing/mcl/singlesig/bls.go:77.33,79.3 1 0
github.com/ThotaGopichandThota/gn-crypto1/signing/mcl/singlesig/bls.go:81.2,81.46 1 4
github.com/ThotaGopichandThota/gn-crypto1/signing/mcl/singlesig/bls.go:81.46,83.3 1 3
github.com/ThotaGopichandThota/gn-crypto1/signing/mcl/singlesig/bls.go:85.2,85.30 1 1
github.com/ThotaGopichandThota/gn-crypto1/signing/mcl/singlesig/bls.go:89.56,91.2 1 4
github.com/ThotaGopichandThota/gn-crypto1/signing/mcl/singlesig/bls.go:94.42,97.2 2 4
github.com/ThotaGopichandThota/gn-crypto1/signing/mcl/singlesig/bls.go:100.48,102.2 1 9
github.com/ThotaGopichandThota/gn-crypto1/signing/mcl/singlesig/bls.go:105.49,107.2 1 2
github.com/ThotaGopichandThota/gn-crypto1/signing/multisig/blsMultisig.go:20.28,21.27 1 26
github.com/ThotaGopichandThota/gn-crypto1/signing/multisig/blsMultisig.go:21.27,23.3 1 1
github.com/ThotaGopichandThota/gn-crypto1/signing/multisig/blsMultisig.go:24.2,24.25 1 25
github.com/ThotaGopichandThota/gn-crypto1/signing/multisig/blsMultisig.go:24.25,26.3 1 1
github.com/ThotaGopichandThota/gn-crypto1/signing/multisig/blsMultisig.go:27.2,30.8 1 24
github.com/ThotaGopichandThota/gn-crypto1/signing/multisig/blsMultisig.go:34.105,36.16 2 50
github.com/ThotaGopichandThota/gn-crypto1/signing/multisig/blsMultisig.go:36.16,38.3 1 0
github.com/ThotaGopichandThota/gn-crypto1/signing/multisig/blsMultisig.go:40.2,40.52 1 50
github.com/ThotaGopichandThota/gn-crypto1/signing/multisig/blsMultisig.go:44.101,45.16 1 8
github.com/ThotaGopichandThota/gn-crypto1/signing/multisig/blsMultisig.go:45.16,47.3 1 2
github.com/ThotaGopichandThota/gn-crypto1/signing/multisig/blsMultisig.go:49.2,50.16 2 6
github.com/ThotaGopichandThota/gn-crypto1/signing/multisig/blsMultisig.go:50.16,52.3 1 0
github.com/ThotaGopichandThota/gn-crypto1/signing/multisig/blsMultisig.go:54.2,54.58 1 6
github.com/ThotaGopichandThota/gn-crypto1/signing/multisig/blsMultisig.go:58.104,59.44 1 12
github.com/ThotaGopichandThota/gn-crypto1/signing/multisig/blsMultisig.go:59.44,61.3 1 2
github.com/ThotaGopichandThota/gn-crypto1/signing/multisig/blsMultisig.go:63.2,64.16 2 10
github.com/ThotaGopichandThota/gn-crypto1/signing/multisig/blsMultisig.go:64.16,66.3 1 2
github.com/ThotaGopichandThota/gn-crypto1/signing/multisig/blsMultisig.go:68.2,68.82 1 8
github.com/ThotaGopichandThota/gn-crypto1/signing/multisig/blsMultisig.go:72.110,74.16 2 6
github.com/ThotaGopichandThota/gn-crypto1/signing/multisig/blsMultisig.go:74.16,76.3 1 2
github.com/ThotaGopichandThota/gn-crypto1/signing/multisig/blsMultisig.go:78.2,78.87 1 4
github.com/ThotaGopichandThota/gn-crypto1/signing/multisig/blsMultisig.go:82.50,84.2 1 2
github.com/ThotaGopichandThota/gn-crypto1/signing/multisig/converters.go:9.98,10.23 1 19
github.com/ThotaGopichandThota/gn-crypto1/signing/multisig/converters.go:10.23,12.3 1 1
github.com/ThotaGopichandThota/gn-crypto1/signing/multisig/converters.go:13.2,14.36 2 18
github.com/ThotaGopichandThota/gn-crypto1/signing/multisig/converters.go:14.36,16.17 2 45
github.com/ThotaGopichandThota/gn-crypto1/signing/multisig/converters.go:16.17,18.4 1 5
github.com/ThotaGopichandThota/gn-crypto1/signing/multisig/converters.go:20.3,20.26 1 40
github.com/ThotaGopichandThota/gn-crypto1/signing/multisig/converters.go:22.2,22.16 1 13
github.com/ThotaGopichandThota/gn-crypto1/signing/multisig/converters.go:25.97,26.27 1 54
github.com/ThotaGopichandThota/gn-crypto1/signing/multisig/converters.go:26.27,28.3 1 6
github.com/ThotaGopichandThota/gn-crypto1/signing/multisig/converters.go:29.2,29.21 1 48
github.com/ThotaGopichandThota/gn-crypto1/signing/multisig/converters.go:29.21,31.3 1 1
github.com/ThotaGopichandThota/gn-crypto1/signing/multisig/converters.go:33.2,33.47 1 47
github.com/ThotaGopichandThota/gn-crypto1/signing/multisig/converters.go:36.101,37.26 1 53
github.com/ThotaGopichandThota/gn-crypto1/signing/multisig/converters.go:37.26,39.3 1 1
github.com/ThotaGopichandThota/gn-crypto1/signing/multisig/converters.go:40.2,40.21 1 52
github.com/ThotaGopichandThota/gn-crypto1/signing/multisig/converters.go:40.21,42.3 1 1
github.com/ThotaGopichandThota/gn-crypto1/signing/multisig/converters.go:44.2,44.47 1 51
github.com/ThotaGopichandThota/gn-crypto1/signing/mcl/g1.go:13.36,15.2 1 1
github.com/ThotaGopichandThota/gn-crypto1/signing/mcl/g1.go:18.36,20.2 1 1
github.com/ThotaGopichandThota/gn-crypto1/signing/mcl/g1.go:23.49,25.2 1 5
github.com/ThotaGopichandThota/gn-crypto1/signing/mcl/g1.go:28.35,30.2 1 1
github.com/ThotaGopichandThota/gn-crypto1/signing/mcl/g1.go:33.47,35.2 1 1
github.com/ThotaGopichandThota/gn-crypto1/signing/mcl/g1.go:38.76,43.16 5 7
github.com/ThotaGopichandThota/gn-crypto1/signing/mcl/g1.go:43.16,45.3 1 1
github.com/ThotaGopichandThota/gn-crypto1/signing/mcl/g1.go:46.2,46.10 1 7
github.com/ThotaGopichandThota/gn-crypto1/signing/mcl/g1.go:50.42,52.2 1 2
github.com/ThotaGopichandThota/gn-crypto1/signing/mcl/g2.go:13.36,15.2 1 1
github.com/ThotaGopichandThota/gn-crypto1/signing/mcl/g2.go:18.36,20.2 1 2
github.com/ThotaGopichandThota/gn-crypto1/signing/mcl/g2.go:23.49,25.2 1 58
github.com/ThotaGopichandThota/gn-crypto1/signing/mcl/g2.go:28.35,30.2 1 8
github.com/ThotaGopichandThota/gn-crypto1/signing/mcl/g2.go:33.47,35.2 1 7
github.com/ThotaGopichandThota/gn-crypto1/signing/mcl/g2.go:38.76,43.16 5 9
github.com/ThotaGopichandThota/gn-crypto1/signing/mcl/g2.go:43.16,45.3 1 0
github.com/ThotaGopichandThota/gn-crypto1/signing/mcl/g2.go:46.2,46.10 1 9
github.com/ThotaGopichandThota/gn-crypto1/signing/mcl/g2.go:50.42,52.2 1 2
github.com/ThotaGopichandThota/gn-crypto1/signing/mcl/gt.go:13.36,15.2 1 1
github.com/ThotaGopichandThota/gn-crypto1/signing/mcl/gt.go:18.36,20.2 1 1
github.com/ThotaGopichandThota/gn-crypto1/signing/mcl/gt.go:23.49,25.2 1 2
github.com/ThotaGopichandThota/gn-crypto1/signing/mcl/gt.go:28.35,30.2 1 1
github.com/ThotaGopichandThota/gn-crypto1/signing/mcl/gt.go:33.47,35.2 1 1
github.com/ThotaGopichandThota/gn-crypto1/signing/mcl/gt.go:38.71,39.24 1 1
github.com/ThotaGopichandThota/gn-crypto1/signing/mcl/gt.go:43.42,45.2 1 2
github.com/ThotaGopichandThota/gn-crypto1/signing/mcl/pointG1.go:18.28,25.16 4 42
github.com/ThotaGopichandThota/gn-crypto1/signing/mcl/pointG1.go:25.16,26.21 1 0
github.com/ThotaGopichandThota/gn-crypto1/signing/mcl/pointG1.go:29.2,29.14 1 42
github.com/ThotaGopichandThota/gn-crypto1/signing/mcl/pointG1.go:34.56,35.14 1 12
github.com/ThotaGopichandThota/gn-crypto1/signing/mcl/pointG1.go:35.14,37.3 1 0
github.com/ThotaGopichandThota/gn-crypto1/signing/mcl/pointG1.go:39.2,40.9 2 12
github.com/ThotaGopichandThota/gn-crypto1/signing/mcl/pointG1.go:40.9,42.3 1 0
github.com/ThotaGopichandThota/gn-crypto1/signing/mcl/pointG1.go:44.2,44.35 1 12
github.com/ThotaGopichandThota/gn-crypto1/signing/mcl/pointG1.go:48.41,55.16 4 2
github.com/ThotaGopichandThota/gn-crypto1/signing/mcl/pointG1.go:55.16,57.3 1 0
github.com/ThotaGopichandThota/gn-crypto1/signing/mcl/pointG1.go:59.2,59.13 1 1
github.com/ThotaGopichandThota/gn-crypto1/signing/mcl/pointG1.go:63.40,71.2 3 1
github.com/ThotaGopichandThota/gn-crypto1/signing/mcl/pointG1.go:74.46,75.20 1 1
github.com/ThotaGopichandThota/gn-crypto1/signing/mcl/pointG1.go:75.20,77.3 1 0
github.com/ThotaGopichandThota/gn-crypto1/signing/mcl/pointG1.go:79.2,80.9 2 1
github.com/ThotaGopichandThota/gn-crypto1/signing/mcl/pointG1.go:80.9,82.3 1 0
github.com/ThotaGopichandThota/gn-crypto1/signing/mcl/pointG1.go:84.2,85.35 2 1
github.com/ThotaGopichandThota/gn-crypto1/signing/mcl/pointG1.go:90.62,91.20 1 4
github.com/ThotaGopichandThota/gn-crypto1/signing/mcl/pointG1.go:91.20,93.3 1 1
github.com/ThotaGopichandThota/gn-crypto1/signing/mcl/pointG1.go:95.2,96.9 2 3
github.com/ThotaGopichandThota/gn-crypto1/signing/mcl/pointG1.go:96.9,98.3 1 1
github.com/ThotaGopichandThota/gn-crypto1/signing/mcl/pointG1.go:100.2,107.18 4 2
github.com/ThotaGopichandThota/gn-crypto1/signing/mcl/pointG1.go:112.62,113.20 1 4
github.com/ThotaGopichandThota/gn-crypto1/signing/mcl/pointG1.go:113.20,115.3 1 1
github.com/ThotaGopichandThota/gn-crypto1/signing/mcl/pointG1.go:117.2,118.9 2 3
github.com/ThotaGopichandThota/gn-crypto1/signing/mcl/pointG1.go:118.9,120.3 1 1
github.com/ThotaGopichandThota/gn-crypto1/signing/mcl/pointG1.go:122.2,129.18 4 2
github.com/ThotaGopichandThota/gn-crypto1/signing/mcl/pointG1.go:133.39,141.2 3 2
github.com/ThotaGopichandThota/gn-crypto1/signing/mcl/pointG1.go:144.63,145.20 1 10
github.com/ThotaGopichandThota/gn-crypto1/signing/mcl/pointG1.go:145.20,147.3 1 2
github.com/ThotaGopichandThota/gn-crypto1/signing/mcl/pointG1.go:149.2,154.9 3 8
github.com/ThotaGopichandThota/gn-crypto1/signing/mcl/pointG1.go:154.9,156.3 1 1
github.com/ThotaGopichandThota/gn-crypto1/signing/mcl/pointG1.go:158.2,161.18 3 7
github.com/ThotaGopichandThota/gn-crypto1/signing/mcl/pointG1.go:165.49,177.2 6 14
github.com/ThotaGopichandThota/gn-crypto1/signing/mcl/pointG1.go:180.51,182.2 1 6
github.com/ThotaGopichandThota/gn-crypto1/signing/mcl/pointG1.go:185.52,187.2 1 2
github.com/ThotaGopichandThota/gn-crypto1/signing/mcl/pointG1.go:190.56,192.2 1 1
github.com/ThotaGopichandThota/gn-crypto1/signing/mcl/pointG1.go:195.42,197.2 1 7
github.com/ThotaGopichandThota/gn-crypto1/signing/mcl/pointG2.go:18.28,25.16 4 50
github.com/ThotaGopichandThota/gn-crypto1/signing/mcl/pointG2.go:25.16,26.21 1 0
github.com/ThotaGopichandThota/gn-crypto1/signing/mcl/pointG2.go:29.2,29.14 1 50
github.com/ThotaGopichandThota/gn-crypto1/signing/mcl/pointG2.go:34.56,35.20 1 12
github.com/ThotaGopichandThota/gn-crypto1/signing/mcl/pointG2.go:35.20,37.3 1 0
github.com/ThotaGopichandThota/gn-crypto1/signing/mcl/pointG2.go:39.2,40.9 2 12
github.com/ThotaGopichandThota/gn-crypto1/signing/mcl/pointG2.go:40.9,42.3 1 0
github.com/ThotaGopichandThota/gn-crypto1/signing/mcl/pointG2.go:44.2,44.35 1 12
github.com/ThotaGopichandThota/gn-crypto1/signing/mcl/pointG2.go:48.41,55.16 4 2
github.com/ThotaGopichandThota/gn-crypto1/signing/mcl/pointG2.go:55.16,57.3 1 0
github.com/ThotaGopichandThota/gn-crypto1/signing/mcl/pointG2.go:59.2,59.13 1 1
github.com/ThotaGopichandThota/gn-crypto1/signing/mcl/pointG2.go:63.40,71.2 3 1
github.com/ThotaGopichandThota/gn-crypto1/signing/mcl/pointG2.go:74.46,75.20 1 1
github.com/ThotaGopichandThota/gn-crypto1/signing/mcl/pointG2.go:75.20,77.3 1 0
github.com/ThotaGopichandThota/gn-crypto1/signing/mcl/pointG2.go:79.2,80.9 2 1
github.com/ThotaGopichandThota/gn-crypto1/signing/mcl/pointG2.go:80.9,82.3 1 0
github.com/ThotaGopichandThota/gn-crypto1/signing/mcl/pointG2.go:84.2,85.35 2 1
github.com/ThotaGopichandThota/gn-crypto1/signing/mcl/pointG2.go:90.62,91.20 1 4
github.com/ThotaGopichandThota/gn-crypto1/signing/mcl/pointG2.go:91.20,93.3 1 1
github.com/ThotaGopichandThota/gn-crypto1/signing/mcl/pointG2.go:95.2,96.9 2 3
github.com/ThotaGopichandThota/gn-crypto1/signing/mcl/pointG2.go:96.9,98.3 1 1
github.com/ThotaGopichandThota/gn-crypto1/signing/mcl/pointG2.go:100.2,107.18 4 2
github.com/ThotaGopichandThota/gn-crypto1/signing/mcl/pointG2.go:112.62,113.20 1 4
github.com/ThotaGopichandThota/gn-crypto1/signing/mcl/pointG2.go:113.20,115.3 1 1
github.com/ThotaGopichandThota/gn-crypto1/signing/mcl/pointG2.go:117.2,118.9 2 3
github.com/ThotaGopichandThota/gn-crypto1/signing/mcl/pointG2.go:118.9,120.3 1 1
github.com/ThotaGopichandThota/gn-crypto1/signing/mcl/pointG2.go:122.2,129.18 4 2
github.com/ThotaGopichandThota/gn-crypto1/signing/mcl/pointG2.go:133.39,141.2 3 2
github.com/ThotaGopichandThota/gn-crypto1/signing/mcl/pointG2.go:144.63,145.20 1 12
github.com/ThotaGopichandThota/gn-crypto1/signing/mcl/pointG2.go:145.20,147.3 1 1
github.com/ThotaGopichandThota/gn-crypto1/signing/mcl/pointG2.go:149.2,154.9 3 11
github.com/ThotaGopichandThota/gn-crypto1/signing/mcl/pointG2.go:154.9,156.3 1 1
github.com/ThotaGopichandThota/gn-crypto1/signing/mcl/pointG2.go:158.2,161.18 3 10
github.com/ThotaGopichandThota/gn-crypto1/signing/mcl/pointG2.go:165.49,177.2 6 14
github.com/ThotaGopichandThota/gn-crypto1/signing/mcl/pointG2.go:180.51,182.2 1 10
github.com/ThotaGopichandThota/gn-crypto1/signing/mcl/pointG2.go:185.52,187.2 1 2
github.com/ThotaGopichandThota/gn-crypto1/signing/mcl/pointG2.go:190.56,192.2 1 5
github.com/ThotaGopichandThota/gn-crypto1/signing/mcl/pointG2.go:195.42,197.2 1 19
github.com/ThotaGopichandThota/gn-crypto1/signing/mcl/pointGT.go:16.28,22.2 2 25
github.com/ThotaGopichandThota/gn-crypto1/signing/mcl/pointGT.go:26.56,27.20 1 10
github.com/ThotaGopichandThota/gn-crypto1/signing/mcl/pointGT.go:27.20,29.3 1 0
github.com/ThotaGopichandThota/gn-crypto1/signing/mcl/pointGT.go:31.2,32.9 2 10
github.com/ThotaGopichandThota/gn-crypto1/signing/mcl/pointGT.go:32.9,34.3 1 0
github.com/ThotaGopichandThota/gn-crypto1/signing/mcl/pointGT.go:36.2,36.35 1 10
github.com/ThotaGopichandThota/gn-crypto1/signing/mcl/pointGT.go:40.41,47.16 4 3
github.com/ThotaGopichandThota/gn-crypto1/signing/mcl/pointGT.go:47.16,49.3 1 0
github.com/ThotaGopichandThota/gn-crypto1/signing/mcl/pointGT.go:51.2,51.13 1 2
github.com/ThotaGopichandThota/gn-crypto1/signing/mcl/pointGT.go:55.40,60.2 3 1
github.com/ThotaGopichandThota/gn-crypto1/signing/mcl/pointGT.go:63.46,64.20 1 1
github.com/ThotaGopichandThota/gn-crypto1/signing/mcl/pointGT.go:64.20,66.3 1 0
github.com/ThotaGopichandThota/gn-crypto1/signing/mcl/pointGT.go:68.2,69.9 2 1
github.com/ThotaGopichandThota/gn-crypto1/signing/mcl/pointGT.go:69.9,71.3 1 0
github.com/ThotaGopichandThota/gn-crypto1/signing/mcl/pointGT.go:73.2,76.12 3 1
github.com/ThotaGopichandThota/gn-crypto1/signing/mcl/pointGT.go:81.62,82.20 1 4
github.com/ThotaGopichandThota/gn-crypto1/signing/mcl/pointGT.go:82.20,84.3 1 1
github.com/ThotaGopichandThota/gn-crypto1/signing/mcl/pointGT.go:86.2,87.9 2 3
github.com/ThotaGopichandThota/gn-crypto1/signing/mcl/pointGT.go:87.9,89.3 1 1
github.com/ThotaGopichandThota/gn-crypto1/signing/mcl/pointGT.go:91.2,97.18 3 2
github.com/ThotaGopichandThota/gn-crypto1/signing/mcl/pointGT.go:102.62,103.20 1 4
github.com/ThotaGopichandThota/gn-crypto1/signing/mcl/pointGT.go:103.20,105.3 1 1
github.com/ThotaGopichandThota/gn-crypto1/signing/mcl/pointGT.go:107.2,108.9 2 3
github.com/ThotaGopichandThota/gn-crypto1/signing/mcl/pointGT.go:108.9,110.3 1 1
github.com/ThotaGopichandThota/gn-crypto1/signing/mcl/pointGT.go:112.2,118.18 3 2
github.com/ThotaGopichandThota/gn-crypto1/signing/mcl/pointGT.go:122.39,130.2 3 2
github.com/ThotaGopichandThota/gn-crypto1/signing/mcl/pointGT.go:133.63,134.20 1 3
github.com/ThotaGopichandThota/gn-crypto1/signing/mcl/pointGT.go:134.20,136.3 1 1
github.com/ThotaGopichandThota/gn-crypto1/signing/mcl/pointGT.go:138.2,143.9 3 2
github.com/ThotaGopichandThota/gn-crypto1/signing/mcl/pointGT.go:143.9,145.3 1 1
github.com/ThotaGopichandThota/gn-crypto1/signing/mcl/pointGT.go:147.2,149.18 2 1
github.com/ThotaGopichandThota/gn-crypto1/signing/mcl/pointGT.go:153.49,158.16 4 8
github.com/ThotaGopichandThota/gn-crypto1/signing/mcl/pointGT.go:158.16,160.3 1 0
github.com/ThotaGopichandThota/gn-crypto1/signing/mcl/pointGT.go:162.2,163.16 2 8
github.com/ThotaGopichandThota/gn-crypto1/signing/mcl/pointGT.go:163.16,165.3 1 0
github.com/ThotaGopichandThota/gn-crypto1/signing/mcl/pointGT.go:167.2,176.18 5 8
github.com/ThotaGopichandThota/gn-crypto1/signing/mcl/pointGT.go:180.51,182.2 1 3
github.com/ThotaGopichandThota/gn-crypto1/signing/mcl/pointGT.go:185.52,187.2 1 2
github.com/ThotaGopichandThota/gn-crypto1/signing/mcl/pointGT.go:190.56,192.2 1 1
github.com/ThotaGopichandThota/gn-crypto1/signing/mcl/pointGT.go:195.42,197.2 1 17
github.com/ThotaGopichandThota/gn-crypto1/signing/mcl/scalar.go:20.26,23.54 3 70
github.com/ThotaGopichandThota/gn-crypto1/signing/mcl/scalar.go:23.54,25.3 1 0
github.com/ThotaGopichandThota/gn-crypto1/signing/mcl/scalar.go:27.2,27.15 1 70
github.com/ThotaGopichandThota/gn-crypto1/signing/mcl/scalar.go:32.56,33.20 1 19
github.com/ThotaGopichandThota/gn-crypto1/signing/mcl/scalar.go:33.20,35.3 1 1
github.com/ThotaGopichandThota/gn-crypto1/signing/mcl/scalar.go:37.2,38.9 2 18
github.com/ThotaGopichandThota/gn-crypto1/signing/mcl/scalar.go:38.9,40.3 1 1
github.com/ThotaGopichandThota/gn-crypto1/signing/mcl/scalar.go:42.2,44.22 2 17
github.com/ThotaGopichandThota/gn-crypto1/signing/mcl/scalar.go:48.46,49.20 1 3
github.com/ThotaGopichandThota/gn-crypto1/signing/mcl/scalar.go:49.20,51.3 1 1
github.com/ThotaGopichandThota/gn-crypto1/signing/mcl/scalar.go:53.2,54.9 2 2
github.com/ThotaGopichandThota/gn-crypto1/signing/mcl/scalar.go:54.9,56.3 1 1
github.com/ThotaGopichandThota/gn-crypto1/signing/mcl/scalar.go:58.2,58.53 1 1
github.com/ThotaGopichandThota/gn-crypto1/signing/mcl/scalar.go:62.41,68.16 3 2
github.com/ThotaGopichandThota/gn-crypto1/signing/mcl/scalar.go:68.16,70.3 1 0
github.com/ThotaGopichandThota/gn-crypto1/signing/mcl/scalar.go:72.2,72.11 1 2
github.com/ThotaGopichandThota/gn-crypto1/signing/mcl/scalar.go:76.37,78.2 1 19
github.com/ThotaGopichandThota/gn-crypto1/signing/mcl/scalar.go:81.40,88.2 3 10
github.com/ThotaGopichandThota/gn-crypto1/signing/mcl/scalar.go:91.63,92.20 1 3
github.com/ThotaGopichandThota/gn-crypto1/signing/mcl/scalar.go:92.20,94.3 1 1
github.com/ThotaGopichandThota/gn-crypto1/signing/mcl/scalar.go:96.2,97.9 2 2
github.com/ThotaGopichandThota/gn-crypto1/signing/mcl/scalar.go:97.9,99.3 1 1
github.com/ThotaGopichandThota/gn-crypto1/signing/mcl/scalar.go:101.2,108.17 4 1
github.com/ThotaGopichandThota/gn-crypto1/signing/mcl/scalar.go:112.63,113.20 1 4
github.com/ThotaGopichandThota/gn-crypto1/signing/mcl/scalar.go:113.20,115.3 1 1
github.com/ThotaGopichandThota/gn-crypto1/signing/mcl/scalar.go:117.2,118.9 2 3
github.com/ThotaGopichandThota/gn-crypto1/signing/mcl/scalar.go:118.9,120.3 1 1
github.com/ThotaGopichandThota/gn-crypto1/signing/mcl/scalar.go:122.2,129.17 4 2
github.com/ThotaGopichandThota/gn-crypto1/signing/mcl/scalar.go:133.39,141.2 3 1
github.com/ThotaGopichandThota/gn-crypto1/signing/mcl/scalar.go:144.39,152.2 3 21
github.com/ThotaGopichandThota/gn-crypto1/signing/mcl/scalar.go:155.63,156.20 1 3
github.com/ThotaGopichandThota/gn-crypto1/signing/mcl/scalar.go:156.20,158.3 1 1
github.com/ThotaGopichandThota/gn-crypto1/signing/mcl/scalar.go:160.2,161.9 2 2
github.com/ThotaGopichandThota/gn-crypto1/signing/mcl/scalar.go:161.9,163.3 1 1
github.com/ThotaGopichandThota/gn-crypto1/signing/mcl/scalar.go:165.2,172.17 4 1
github.com/ThotaGopichandThota/gn-crypto1/signing/mcl/scalar.go:176.63,177.20 1 3
github.com/ThotaGopichandThota/gn-crypto1/signing/mcl/scalar.go:177.20,179.3 1 1
github.com/ThotaGopichandThota/gn-crypto1/signing/mcl/scalar.go:181.2,182.9 2 2
github.com/ThotaGopichandThota/gn-crypto1/signing/mcl/scalar.go:182.9,184.3 1 1
github.com/ThotaGopichandThota/gn-crypto1/signing/mcl/scalar.go:186.2,193.17 4 1
github.com/ThotaGopichandThota/gn-crypto1/signing/mcl/scalar.go:197.63,198.20 1 4
github.com/ThotaGopichandThota/gn-crypto1/signing/mcl/scalar.go:198.20,200.3 1 1
github.com/ThotaGopichandThota/gn-crypto1/signing/mcl/scalar.go:202.2,203.9 2 3
github.com/ThotaGopichandThota/gn-crypto1/signing/mcl/scalar.go:203.9,205.3 1 1
github.com/ThotaGopichandThota/gn-crypto1/signing/mcl/scalar.go:207.2,214.17 4 2
github.com/ThotaGopichandThota/gn-crypto1/signing/mcl/scalar.go:218.49,225.46 3 7
github.com/ThotaGopichandThota/gn-crypto1/signing/mcl/scalar.go:225.46,227.3 1 0
github.com/ThotaGopichandThota/gn-crypto1/signing/mcl/scalar.go:229.2,229.17 1 7
github.com/ThotaGopichandThota/gn-crypto1/signing/mcl/scalar.go:234.61,235.17 1 2
github.com/ThotaGopichandThota/gn-crypto1/signing/mcl/scalar.go:235.17,237.3 1 1
github.com/ThotaGopichandThota/gn-crypto1/signing/mcl/scalar.go:239.2,241.9 3 1
github.com/ThotaGopichandThota/gn-crypto1/signing/mcl/scalar.go:241.9,243.3 1 0
github.com/ThotaGopichandThota/gn-crypto1/signing/mcl/scalar.go:245.2,246.16 2 1
github.com/ThotaGopichandThota/gn-crypto1/signing/mcl/scalar.go:246.16,248.3 1 0
github.com/ThotaGopichandThota/gn-crypto1/signing/mcl/scalar.go:250.2,250.16 1 1
github.com/ThotaGopichandThota/gn-crypto1/signing/mcl/scalar.go:254.50,256.2 1 13
github.com/ThotaGopichandThota/gn-crypto1/signing/mcl/scalar.go:259.51,261.2 1 3
github.com/ThotaGopichandThota/gn-crypto1/signing/mcl/scalar.go:264.51,266.2 1 1
github.com/ThotaGopichandThota/gn-crypto1/signing/mcl/scalar.go:269.41,271.2 1 44
github.com/ThotaGopichandThota/gn-crypto1/signing/mcl/suiteBLS12_381.go:42.16,43.48 1 1
github.com/ThotaGopichandThota/gn-crypto1/signing/mcl/suiteBLS12_381.go:43.48,44.69 1 0
github.com/ThotaGopichandThota/gn-crypto1/signing/mcl/suiteBLS12_381.go:47.2,50.35 4 1
github.com/ThotaGopichandThota/gn-crypto1/signing/mcl/suiteBLS12_381.go:53.13,55.2 1 1
github.com/ThotaGopichandThota/gn-crypto1/signing/mcl/suiteBLS12_381.go:58.34,65.2 1 50
github.com/ThotaGopichandThota/gn-crypto1/signing/mcl/suiteBLS12_381.go:69.51,72.2 1 1
github.com/ThotaGopichandThota/gn-crypto1/signing/mcl/suiteBLS12_381.go:75.49,77.2 1 2
github.com/ThotaGopichandThota/gn-crypto1/signing/mcl/suiteBLS12_381.go:80.38,82.2 1 1
github.com/ThotaGopichandThota/gn-crypto1/signing/mcl/suiteBLS12_381.go:85.38,87.2 1 1
github.com/ThotaGopichandThota/gn-crypto1/signing/mcl/suiteBLS12_381.go:90.51,92.2 1 51
github.com/ThotaGopichandThota/gn-crypto1/signing/mcl/suiteBLS12_381.go:95.87,96.25 1 1
github.com/ThotaGopichandThota/gn-crypto1/signing/mcl/suiteBLS12_381.go:96.25,98.3 1 0
github.com/ThotaGopichandThota/gn-crypto1/signing/mcl/suiteBLS12_381.go:99.2,100.9 2 1
github.com/ThotaGopichandThota/gn-crypto1/signing/mcl/suiteBLS12_381.go:100.9,102.3 1 0
github.com/ThotaGopichandThota/gn-crypto1/signing/mcl/suiteBLS12_381.go:104.2,104.34 1 1
github.com/ThotaGopichandThota/gn-crypto1/signing/mcl/suiteBLS12_381.go:104.34,106.3 1 0
github.com/ThotaGopichandThota/gn-crypto1/signing/mcl/suiteBLS12_381.go:108.2,110.19 2 1
github.com/ThotaGopichandThota/gn-crypto1/signing/mcl/suiteBLS12_381.go:114.37,116.2 1 7
github.com/ThotaGopichandThota/gn-crypto1/signing/mcl/suiteBLS12_381.go:120.68,126.16 5 2
github.com/ThotaGopichandThota/gn-crypto1/signing/mcl/suiteBLS12_381.go:126.16,129.3 2 0
github.com/ThotaGopichandThota/gn-crypto1/signing/mcl/suiteBLS12_381.go:131.2,133.14 2 2
github.com/ThotaGopichandThota/gn-crypto1/signing/mcl/suiteBLS12_381.go:137.55,139.2 1 1
github.com/ThotaGopichandThota/gn-crypto1/signing/mcl/suiteBLS12_381.go:142.63,143.37 1 6
github.com/ThotaGopichandThota/gn-crypto1/signing/mcl/suiteBLS12_381.go:143.37,145.3 1 2
github.com/ThotaGopichandThota/gn-crypto1/signing/mcl/suiteBLS12_381.go:147.2,149.16 3 4
github.com/ThotaGopichandThota/gn-crypto1/signing/mcl/suiteBLS12_381.go:149.16,151.3 1 2
github.com/ThotaGopichandThota/gn-crypto1/signing/mcl/suiteBLS12_381.go:153.2,154.66 2 2
github.com/ThotaGopichandThota/gn-crypto1/signing/mcl/suiteBLS12_381.go:154.66,156.3 1 1
github.com/ThotaGopichandThota/gn-crypto1/signing/mcl/suiteBLS12_381.go:158.2,158.12 1 1
github.com/ThotaGopichandThota/gn-crypto1/signing/mcl/suiteBLS12_381.go:162.44,164.2 1 2
github.com/ThotaGopichandThota/gn-crypto1/signing/mcl/suiteBLS12_381.go:167.22,169.2 1 44
github.com/ThotaGopichandThota/gn-crypto1/signing/mcl/suiteBLS12_381.go:172.22,174.2 1 52
github.com/ThotaGopichandThota/gn-crypto1/signing/mcl/multisig/bls.go:40.97,42.2 1 614
github.com/ThotaGopichandThota/gn-crypto1/signing/mcl/multisig/bls.go:45.102,47.2 1 6
github.com/ThotaGopichandThota/gn-crypto1/signing/mcl/multisig/bls.go:51.77,52.19 1 3
github.com/ThotaGopichandThota/gn-crypto1/signing/mcl/multisig/bls.go:52.19,54.3 1 1
github.com/ThotaGopichandThota/gn-crypto1/signing/mcl/multisig/bls.go:56.2,58.12 2 2
github.com/ThotaGopichandThota/gn-crypto1/signing/mcl/multisig/bls.go:66.19,67.24 1 14
github.com/ThotaGopichandThota/gn-crypto1/signing/mcl/multisig/bls.go:67.24,69.3 1 1
github.com/ThotaGopichandThota/gn-crypto1/signing/mcl/multisig/bls.go:70.2,70.26 1 13
github.com/ThotaGopichandThota/gn-crypto1/signing/mcl/multisig/bls.go:70.26,72.3 1 1
github.com/ThotaGopichandThota/gn-crypto1/signing/mcl/multisig/bls.go:73.2,73.30 1 12
github.com/ThotaGopichandThota/gn-crypto1/signing/mcl/multisig/bls.go:73.30,75.3 1 1
github.com/ThotaGopichandThota/gn-crypto1/signing/mcl/multisig/bls.go:76.2,77.9 2 11
github.com/ThotaGopichandThota/gn-crypto1/signing/mcl/multisig/bls.go:77.9,79.3 1 1
github.com/ThotaGopichandThota/gn-crypto1/signing/mcl/multisig/bls.go:81.2,82.16 2 10
github.com/ThotaGopichandThota/gn-crypto1/signing/mcl/multisig/bls.go:82.16,84.3 1 2
github.com/ThotaGopichandThota/gn-crypto1/signing/mcl/multisig/bls.go:86.2,89.35 3 8
github.com/ThotaGopichandThota/gn-crypto1/signing/mcl/multisig/bls.go:98.9,99.24 1 9
github.com/ThotaGopichandThota/gn-crypto1/signing/mcl/multisig/bls.go:99.24,101.3 1 1
github.com/ThotaGopichandThota/gn-crypto1/signing/mcl/multisig/bls.go:102.2,102.23 1 8
github.com/ThotaGopichandThota/gn-crypto1/signing/mcl/multisig/bls.go:102.23,104.3 1 1
github.com/ThotaGopichandThota/gn-crypto1/signing/mcl/multisig/bls.go:105.2,105.27 1 7
github.com/ThotaGopichandThota/gn-crypto1/signing/mcl/multisig/bls.go:105.27,107.3 1 1
github.com/ThotaGopichandThota/gn-crypto1/signing/mcl/multisig/bls.go:108.2,108.19 1 6
github.com/ThotaGopichandThota/gn-crypto1/signing/mcl/multisig/bls.go:108.19,110.3 1 1
github.com/ThotaGopichandThota/gn-crypto1/signing/mcl/multisig/bls.go:112.2,113.9 2 5
github.com/ThotaGopichandThota/gn-crypto1/signing/mcl/multisig/bls.go:113.9,115.3 1 1
github.com/ThotaGopichandThota/gn-crypto1/signing/mcl/multisig/bls.go:117.2,118.16 2 4
github.com/ThotaGopichandThota/gn-crypto1/signing/mcl/multisig/bls.go:118.16,120.3 1 1
github.com/ThotaGopichandThota/gn-crypto1/signing/mcl/multisig/bls.go:122.2,124.16 3 3
github.com/ThotaGopichandThota/gn-crypto1/signing/mcl/multisig/bls.go:124.16,126.3 1 1
github.com/ThotaGopichandThota/gn-crypto1/signing/mcl/multisig/bls.go:128.2,129.10 2 2
github.com/ThotaGopichandThota/gn-crypto1/signing/mcl/multisig/bls.go:129.10,131.3 1 1
github.com/ThotaGopichandThota/gn-crypto1/signing/mcl/multisig/bls.go:133.2,133.12 1 1
github.com/ThotaGopichandThota/gn-crypto1/signing/mcl/multisig/bls.go:140.28,147.16 6 7
github.com/ThotaGopichandThota/gn-crypto1/signing/mcl/multisig/bls.go:147.16,149.3 1 1
github.com/ThotaGopichandThota/gn-crypto1/signing/mcl/multisig/bls.go:151.2,151.33 1 6
github.com/ThotaGopichandThota/gn-crypto1/signing/mcl/multisig/bls.go:151.33,152.26 1 82
github.com/ThotaGopichandThota/gn-crypto1/signing/mcl/multisig/bls.go:152.26,154.4 1 0
github.com/ThotaGopichandThota/gn-crypto1/signing/mcl/multisig/bls.go:156.3,160.17 3 82
github.com/ThotaGopichandThota/gn-crypto1/signing/mcl/multisig/bls.go:160.17,162.4 1 1
github.com/ThotaGopichandThota/gn-crypto1/signing/mcl/multisig/bls.go:165.3,166.17 2 81
github.com/ThotaGopichandThota/gn-crypto1/signing/mcl/multisig/bls.go:166.17,168.4 1 1
github.com/ThotaGopichandThota/gn-crypto1/signing/mcl/multisig/bls.go:170.3,171.10 2 80
github.com/ThotaGopichandThota/gn-crypto1/signing/mcl/multisig/bls.go:171.10,173.4 1 0
github.com/ThotaGopichandThota/gn-crypto1/signing/mcl/multisig/bls.go:174.3,174.60 1 80
github.com/ThotaGopichandThota/gn-crypto1/signing/mcl/multisig/bls.go:177.2,177.31 1 4
github.com/ThotaGopichandThota/gn-crypto1/signing/mcl/multisig/bls.go:184.23,185.26 1 16
github.com/ThotaGopichandThota/gn-crypto1/signing/mcl/multisig/bls.go:185.26,187.3 1 1
github.com/ThotaGopichandThota/gn-crypto1/signing/mcl/multisig/bls.go:188.2,189.16 2 15
github.com/ThotaGopichandThota/gn-crypto1/signing/mcl/multisig/bls.go:189.16,191.3 1 2
github.com/ThotaGopichandThota/gn-crypto1/signing/mcl/multisig/bls.go:193.2,197.33 4 13
github.com/ThotaGopichandThota/gn-crypto1/signing/mcl/multisig/bls.go:197.33,199.20 2 168
github.com/ThotaGopichandThota/gn-crypto1/signing/mcl/multisig/bls.go:199.20,201.4 1 2
github.com/ThotaGopichandThota/gn-crypto1/signing/mcl/multisig/bls.go:203.3,204.17 2 166
github.com/ThotaGopichandThota/gn-crypto1/signing/mcl/multisig/bls.go:204.17,206.4 1 1
github.com/ThotaGopichandThota/gn-crypto1/signing/mcl/multisig/bls.go:208.3,208.41 1 165
github.com/ThotaGopichandThota/gn-crypto1/signing/mcl/multisig/bls.go:208.41,210.4 1 1
github.com/ThotaGopichandThota/gn-crypto1/signing/mcl/multisig/bls.go:212.3,214.60 3 164
github.com/ThotaGopichandThota/gn-crypto1/signing/mcl/multisig/bls.go:214.60,216.4 1 1
github.com/ThotaGopichandThota/gn-crypto1/signing/mcl/multisig/bls.go:218.3,222.17 4 163
github.com/ThotaGopichandThota/gn-crypto1/signing/mcl/multisig/bls.go:222.17,224.4 1 0
github.com/ThotaGopichandThota/gn-crypto1/signing/mcl/multisig/bls.go:226.3,227.17 2 163
github.com/ThotaGopichandThota/gn-crypto1/signing/mcl/multisig/bls.go:227.17,229.4 1 0
github.com/ThotaGopichandThota/gn-crypto1/signing/mcl/multisig/bls.go:231.3,232.39 2 163
github.com/ThotaGopichandThota/gn-crypto1/signing/mcl/multisig/bls.go:235.2,235.22 1 8
github.com/ThotaGopichandThota/gn-crypto1/signing/mcl/multisig/bls.go:239.64,240.23 1 26
github.com/ThotaGopichandThota/gn-crypto1/signing/mcl/multisig/bls.go:240.23,242.3 1 1
github.com/ThotaGopichandThota/gn-crypto1/signing/mcl/multisig/bls.go:244.2,250.29 6 25
github.com/ThotaGopichandThota/gn-crypto1/signing/mcl/multisig/bls.go:250.29,251.22 1 464
github.com/ThotaGopichandThota/gn-crypto1/signing/mcl/multisig/bls.go:251.22,253.4 1 2
github.com/ThotaGopichandThota/gn-crypto1/signing/mcl/multisig/bls.go:255.3,256.25 2 462
github.com/ThotaGopichandThota/gn-crypto1/signing/mcl/multisig/bls.go:256.25,258.4 1 0
github.com/ThotaGopichandThota/gn-crypto1/signing/mcl/multisig/bls.go:260.3,261.17 2 462
github.com/ThotaGopichandThota/gn-crypto1/signing/mcl/multisig/bls.go:261.17,263.4 1 0
github.com/ThotaGopichandThota/gn-crypto1/signing/mcl/multisig/bls.go:265.3,265.41 1 462
github.com/ThotaGopichandThota/gn-crypto1/signing/mcl/multisig/bls.go:268.2,268.20 1 23
github.com/ThotaGopichandThota/gn-crypto1/signing/mcl/multisig/bls.go:272.113,273.25 1 250
github.com/ThotaGopichandThota/gn-crypto1/signing/mcl/multisig/bls.go:273.25,275.3 1 2
github.com/ThotaGopichandThota/gn-crypto1/signing/mcl/multisig/bls.go:276.2,276.29 1 248
github.com/ThotaGopichandThota/gn-crypto1/signing/mcl/multisig/bls.go:276.29,278.3 1 1
github.com/ThotaGopichandThota/gn-crypto1/signing/mcl/multisig/bls.go:279.2,279.39 1 247
github.com/ThotaGopichandThota/gn-crypto1/signing/mcl/multisig/bls.go:279.39,281.3 1 1
github.com/ThotaGopichandThota/gn-crypto1/signing/mcl/multisig/bls.go:282.2,282.30 1 246
github.com/ThotaGopichandThota/gn-crypto1/signing/mcl/multisig/bls.go:282.30,284.3 1 1
github.com/ThotaGopichandThota/gn-crypto1/signing/mcl/multisig/bls.go:286.2,287.9 2 245
github.com/ThotaGopichandThota/gn-crypto1/signing/mcl/multisig/bls.go:287.9,289.3 1 0
github.com/ThotaGopichandThota/gn-crypto1/signing/mcl/multisig/bls.go:290.2,299.17 6 245
github.com/ThotaGopichandThota/gn-crypto1/signing/mcl/multisig/bls.go:303.50,305.2 1 2
github.com/ThotaGopichandThota/gn-crypto1/signing/mcl/multisig/blsKOSK.go:20.101,22.2 1 46
github.com/ThotaGopichandThota/gn-crypto1/signing/mcl/multisig/blsKOSK.go:25.106,27.2 1 6
github.com/ThotaGopichandThota/gn-crypto1/signing/mcl/multisig/blsKOSK.go:31.81,32.19 1 4
github.com/ThotaGopichandThota/gn-crypto1/signing/mcl/multisig/blsKOSK.go:32.19,34.3 1 2
github.com/ThotaGopichandThota/gn-crypto1/signing/mcl/multisig/blsKOSK.go:36.2,38.12 2 2
github.com/ThotaGopichandThota/gn-crypto1/signing/mcl/multisig/blsKOSK.go:46.19,47.24 1 8
github.com/ThotaGopichandThota/gn-crypto1/signing/mcl/multisig/blsKOSK.go:47.24,49.3 1 1
github.com/ThotaGopichandThota/gn-crypto1/signing/mcl/multisig/blsKOSK.go:50.2,50.26 1 7
github.com/ThotaGopichandThota/gn-crypto1/signing/mcl/multisig/blsKOSK.go:50.26,52.3 1 2
github.com/ThotaGopichandThota/gn-crypto1/signing/mcl/multisig/blsKOSK.go:53.2,53.30 1 5
github.com/ThotaGopichandThota/gn-crypto1/signing/mcl/multisig/blsKOSK.go:53.30,55.3 1 2
github.com/ThotaGopichandThota/gn-crypto1/signing/mcl/multisig/blsKOSK.go:56.2,57.9 2 3
github.com/ThotaGopichandThota/gn-crypto1/signing/mcl/multisig/blsKOSK.go:57.9,59.3 1 0
github.com/ThotaGopichandThota/gn-crypto1/signing/mcl/multisig/blsKOSK.go:61.2,64.33 4 3
github.com/ThotaGopichandThota/gn-crypto1/signing/mcl/multisig/blsKOSK.go:64.33,66.17 2 41
github.com/ThotaGopichandThota/gn-crypto1/signing/mcl/multisig/blsKOSK.go:66.17,68.4 1 1
github.com/ThotaGopichandThota/gn-crypto1/signing/mcl/multisig/blsKOSK.go:70.3,70.37 1 40
github.com/ThotaGopichandThota/gn-crypto1/signing/mcl/multisig/blsKOSK.go:73.2,76.35 3 2
github.com/ThotaGopichandThota/gn-crypto1/signing/mcl/multisig/blsKOSK.go:85.9,86.24 1 8
github.com/ThotaGopichandThota/gn-crypto1/signing/mcl/multisig/blsKOSK.go:86.24,88.3 1 1
github.com/ThotaGopichandThota/gn-crypto1/signing/mcl/multisig/blsKOSK.go:89.2,89.23 1 7
github.com/ThotaGopichandThota/gn-crypto1/signing/mcl/multisig/blsKOSK.go:89.23,91.3 1 2
github.com/ThotaGopichandThota/gn-crypto1/signing/mcl/multisig/blsKOSK.go:92.2,92.27 1 5
github.com/ThotaGopichandThota/gn-crypto1/signing/mcl/multisig/blsKOSK.go:92.27,94.3 1 2
github.com/ThotaGopichandThota/gn-crypto1/signing/mcl/multisig/blsKOSK.go:95.2,95.19 1 3
github.com/ThotaGopichandThota/gn-crypto1/signing/mcl/multisig/blsKOSK.go:95.19,97.3 1 1
github.com/ThotaGopichandThota/gn-crypto1/signing/mcl/multisig/blsKOSK.go:99.2,100.9 2 2
github.com/ThotaGopichandThota/gn-crypto1/signing/mcl/multisig/blsKOSK.go:100.9,102.3 1 0
github.com/ThotaGopichandThota/gn-crypto1/signing/mcl/multisig/blsKOSK.go:104.2,105.16 2 2
github.com/ThotaGopichandThota/gn-crypto1/signing/mcl/multisig/blsKOSK.go:105.16,107.3 1 0
github.com/ThotaGopichandThota/gn-crypto1/signing/mcl/multisig/blsKOSK.go:109.2,111.16 3 2
github.com/ThotaGopichandThota/gn-crypto1/signing/mcl/multisig/blsKOSK.go:111.16,113.3 1 0
github.com/ThotaGopichandThota/gn-crypto1/signing/mcl/multisig/blsKOSK.go:115.2,116.10 2 2
github.com/ThotaGopichandThota/gn-crypto1/signing/mcl/multisig/blsKOSK.go:116.10,118.3 1 1
github.com/ThotaGopichandThota/gn-crypto1/signing/mcl/multisig/blsKOSK.go:120.2,120.12 1 1
github.com/ThotaGopichandThota/gn-crypto1/signing/mcl/multisig/blsKOSK.go:124.54,126.2 1 0
github.com/ThotaGopichandThota/gn-crypto1/signing/mcl/multisig/blsOperations.go:15.97,16.15 1 84
github.com/ThotaGopichandThota/gn-crypto1/signing/mcl/multisig/blsOperations.go:16.15,18.3 1 1
github.com/ThotaGopichandThota/gn-crypto1/signing/mcl/multisig/blsOperations.go:20.2,21.16 2 83
github.com/ThotaGopichandThota/gn-crypto1/signing/mcl/multisig/blsOperations.go:21.16,23.3 1 2
github.com/ThotaGopichandThota/gn-crypto1/signing/mcl/multisig/blsOperations.go:25.2,25.23 1 81
github.com/ThotaGopichandThota/gn-crypto1/signing/mcl/multisig/blsOperations.go:29.104,30.27 1 167
github.com/ThotaGopichandThota/gn-crypto1/signing/mcl/multisig/blsOperations.go:30.27,32.3 1 1
github.com/ThotaGopichandThota/gn-crypto1/signing/mcl/multisig/blsOperations.go:33.2,33.21 1 166
github.com/ThotaGopichandThota/gn-crypto1/signing/mcl/multisig/blsOperations.go:33.21,35.3 1 1
github.com/ThotaGopichandThota/gn-crypto1/signing/mcl/multisig/blsOperations.go:36.2,36.24 1 165
github.com/ThotaGopichandThota/gn-crypto1/signing/mcl/multisig/blsOperations.go:36.24,38.3 1 1
github.com/ThotaGopichandThota/gn-crypto1/signing/mcl/multisig/blsOperations.go:40.2,42.9 3 164
github.com/ThotaGopichandThota/gn-crypto1/signing/mcl/multisig/blsOperations.go:42.9,44.3 1 0
github.com/ThotaGopichandThota/gn-crypto1/signing/mcl/multisig/blsOperations.go:46.2,47.16 2 164
github.com/ThotaGopichandThota/gn-crypto1/signing/mcl/multisig/blsOperations.go:47.16,49.3 1 0
github.com/ThotaGopichandThota/gn-crypto1/signing/mcl/multisig/blsOperations.go:51.2,52.16 2 164
github.com/ThotaGopichandThota/gn-crypto1/signing/mcl/multisig/blsOperations.go:52.16,54.3 1 0
github.com/ThotaGopichandThota/gn-crypto1/signing/mcl/multisig/blsOperations.go:56.2,57.9 2 164
github.com/ThotaGopichandThota/gn-crypto1/signing/mcl/multisig/blsOperations.go:57.9,59.3 1 0
github.com/ThotaGopichandThota/gn-crypto1/signing/mcl/multisig/blsOperations.go:61.2,61.24 1 164
github.com/ThotaGopichandThota/gn-crypto1/signing/mcl/multisig/blsOperations.go:65.56,67.16 2 6
github.com/ThotaGopichandThota/gn-crypto1/signing/mcl/multisig/blsOperations.go:67.16,69.3 1 4
github.com/ThotaGopichandThota/gn-crypto1/signing/mcl/multisig/blsOperations.go:71.2,74.17 3 2
github.com/ThotaGopichandThota/gn-crypto1/signing/mcl/multisig/blsOperations.go:77.51,79.19 2 52
github.com/ThotaGopichandThota/gn-crypto1/signing/mcl/multisig/blsOperations.go:79.19,81.3 1 2
github.com/ThotaGopichandThota/gn-crypto1/signing/mcl/multisig/blsOperations.go:82.2,83.16 2 50
github.com/ThotaGopichandThota/gn-crypto1/signing/mcl/multisig/blsOperations.go:83.16,85.3 1 2
github.com/ThotaGopichandThota/gn-crypto1/signing/mcl/multisig/blsOperations.go:87.2,87.40 1 48
github.com/ThotaGopichandThota/gn-crypto1/signing/mcl/multisig/blsOperations.go:87.40,89.3 1 5
github.com/ThotaGopichandThota/gn-crypto1/signing/mcl/multisig/blsOperations.go:91.2,91.20 1 43
github.com/ThotaGopichandThota/gn-crypto1/signing/mcl/multisig/blsOperations.go:94.78,96.33 2 4
github.com/ThotaGopichandThota/gn-crypto1/signing/mcl/multisig/blsOperations.go:96.33,98.17 2 43
github.com/ThotaGopichandThota/gn-crypto1/signing/mcl/multisig/blsOperations.go:98.17,100.4 1 1
github.com/ThotaGopichandThota/gn-crypto1/signing/mcl/multisig/blsOperations.go:102.3,102.46 1 42
github.com/ThotaGopichandThota/gn-crypto1/signing/mcl/multisig/blsOperations.go:105.2,105.24 1 3
github.com/ThotaGopichandThota/gn-crypto1/signing/mcl/multisig/blsOperations.go:108.73,111.9 3 45
github.com/ThotaGopichandThota/gn-crypto1/signing/mcl/multisig/blsOperations.go:111.9,113.3 1 2
github.com/ThotaGopichandThota/gn-crypto1/signing/mcl/multisig/blsOperations.go:115.2,117.24 2 43
github.com/ThotaGopichandThota/gn-crypto1/signing/mcl/multisig/blsOperations.go:121.82,122.24 1 83
github.com/ThotaGopichandThota/gn-crypto1/signing/mcl/multisig/blsOperations.go:122.24,124.3 1 2
github.com/ThotaGopichandThota/gn-crypto1/signing/mcl/multisig/blsOperations.go:126.2,130.16 4 81
github.com/ThotaGopichandThota/gn-crypto1/signing/mcl/multisig/blsOperations.go:130.16,132.3 1 0
github.com/ThotaGopichandThota/gn-crypto1/signing/mcl/multisig/blsOperations.go:134.2,134.20 1 81
github.com/ThotaGopichandThota/gn-crypto1/signing/secp256k1/singlesig/secp256k1.go:16.87,17.26 1 4
github.com/ThotaGopichandThota/gn-crypto1/signing/secp256k1/singlesig/secp256k1.go:17.26,19.3 1 1
github.com/ThotaGopichandThota/gn-crypto1/signing/secp256k1/singlesig/secp256k1.go:21.2,22.9 2 3
github.com/ThotaGopichandThota/gn-crypto1/signing/secp256k1/singlesig/secp256k1.go:22.9,24.3 1 1
github.com/ThotaGopichandThota/gn-crypto1/signing/secp256k1/singlesig/secp256k1.go:26.2,28.29 2 2
github.com/ThotaGopichandThota/gn-crypto1/signing/secp256k1/singlesig/secp256k1.go:32.89,33.25 1 3
github.com/ThotaGopichandThota/gn-crypto1/signing/secp256k1/singlesig/secp256k1.go:33.25,35.3 1 1
github.com/ThotaGopichandThota/gn-crypto1/signing/secp256k1/singlesig/secp256k1.go:37.2,38.9 2 2
github.com/ThotaGopichandThota/gn-crypto1/signing/secp256k1/singlesig/secp256k1.go:38.9,40.3 1 1
github.com/ThotaGopichandThota/gn-crypto1/signing/secp256k1/singlesig/secp256k1.go:42.2,43.16 2 1
github.com/ThotaGopichandThota/gn-crypto1/signing/secp256k1/singlesig/secp256k1.go:43.16,45.3 1 0
github.com/ThotaGopichandThota/gn-crypto1/signing/secp256k1/singlesig/secp256k1.go:47.2,48.12 2 1
github.com/ThotaGopichandThota/gn-crypto1/signing/secp256k1/singlesig/secp256k1.go:48.12,50.3 1 0
github.com/ThotaGopichandThota/gn-crypto1/signing/secp256k1/singlesig/secp256k1.go:52.2,52.12 1 1
github.com/ThotaGopichandThota/gn-crypto1/signing/secp256k1/singlesig/secp256k1.go:56.49,58.2 1 0
github.com/ThotaGopichandThota/gn-crypto1/signing/secp256k1/point.go:17.58,19.2 1 0
github.com/ThotaGopichandThota/gn-crypto1/signing/secp256k1/point.go:22.59,24.2 1 3
github.com/ThotaGopichandThota/gn-crypto1/signing/secp256k1/point.go:27.61,29.16 2 3
github.com/ThotaGopichandThota/gn-crypto1/signing/secp256k1/point.go:29.16,31.3 1 0
github.com/ThotaGopichandThota/gn-crypto1/signing/secp256k1/point.go:33.2,35.12 2 3
github.com/ThotaGopichandThota/gn-crypto1/signing/secp256k1/point.go:39.48,40.15 1 1
github.com/ThotaGopichandThota/gn-crypto1/signing/secp256k1/point.go:40.15,42.3 1 0
github.com/ThotaGopichandThota/gn-crypto1/signing/secp256k1/point.go:44.2,48.16 4 1
github.com/ThotaGopichandThota/gn-crypto1/signing/secp256k1/point.go:48.16,51.3 2 0
github.com/ThotaGopichandThota/gn-crypto1/signing/secp256k1/point.go:53.2,53.11 1 1
github.com/ThotaGopichandThota/gn-crypto1/signing/secp256k1/point.go:58.63,59.20 1 8
github.com/ThotaGopichandThota/gn-crypto1/signing/secp256k1/point.go:59.20,61.3 1 1
github.com/ThotaGopichandThota/gn-crypto1/signing/secp256k1/point.go:63.2,64.9 2 7
github.com/ThotaGopichandThota/gn-crypto1/signing/secp256k1/point.go:64.9,66.3 1 1
github.com/ThotaGopichandThota/gn-crypto1/signing/secp256k1/point.go:68.2,68.42 1 6
github.com/ThotaGopichandThota/gn-crypto1/signing/secp256k1/point.go:72.53,73.20 1 5
github.com/ThotaGopichandThota/gn-crypto1/signing/secp256k1/point.go:73.20,75.3 1 1
github.com/ThotaGopichandThota/gn-crypto1/signing/secp256k1/point.go:77.2,78.9 2 4
github.com/ThotaGopichandThota/gn-crypto1/signing/secp256k1/point.go:78.9,80.3 1 1
github.com/ThotaGopichandThota/gn-crypto1/signing/secp256k1/point.go:82.2,84.12 2 3
github.com/ThotaGopichandThota/gn-crypto1/signing/secp256k1/point.go:88.47,92.2 2 1
github.com/ThotaGopichandThota/gn-crypto1/signing/secp256k1/point.go:95.69,97.2 1 1
github.com/ThotaGopichandThota/gn-crypto1/signing/secp256k1/point.go:100.69,102.2 1 1
github.com/ThotaGopichandThota/gn-crypto1/signing/secp256k1/point.go:105.46,109.2 2 1
github.com/ThotaGopichandThota/gn-crypto1/signing/secp256k1/point.go:112.70,114.2 1 1
github.com/ThotaGopichandThota/gn-crypto1/signing/secp256k1/point.go:117.56,119.2 1 1
github.com/ThotaGopichandThota/gn-crypto1/signing/secp256k1/point.go:122.49,124.2 1 9
github.com/ThotaGopichandThota/gn-crypto1/signing/secp256k1/scalar.go:17.58,19.2 1 1
github.com/ThotaGopichandThota/gn-crypto1/signing/secp256k1/scalar.go:22.59,24.2 1 2
github.com/ThotaGopichandThota/gn-crypto1/signing/secp256k1/scalar.go:27.61,33.2 3 2
github.com/ThotaGopichandThota/gn-crypto1/signing/secp256k1/scalar.go:37.64,38.20 1 8
github.com/ThotaGopichandThota/gn-crypto1/signing/secp256k1/scalar.go:38.20,40.3 1 1
github.com/ThotaGopichandThota/gn-crypto1/signing/secp256k1/scalar.go:42.2,43.9 2 7
github.com/ThotaGopichandThota/gn-crypto1/signing/secp256k1/scalar.go:43.9,45.3 1 1
github.com/ThotaGopichandThota/gn-crypto1/signing/secp256k1/scalar.go:47.2,47.60 1 6
github.com/ThotaGopichandThota/gn-crypto1/signing/secp256k1/scalar.go:51.54,52.20 1 5
github.com/ThotaGopichandThota/gn-crypto1/signing/secp256k1/scalar.go:52.20,54.3 1 1
github.com/ThotaGopichandThota/gn-crypto1/signing/secp256k1/scalar.go:56.2,57.9 2 4
github.com/ThotaGopichandThota/gn-crypto1/signing/secp256k1/scalar.go:57.9,59.3 1 1
github.com/ThotaGopichandThota/gn-crypto1/signing/secp256k1/scalar.go:61.2,63.12 2 3
github.com/ThotaGopichandThota/gn-crypto1/signing/secp256k1/scalar.go:67.49,68.14 1 1
github.com/ThotaGopichandThota/gn-crypto1/signing/secp256k1/scalar.go:68.14,70.3 1 0
github.com/ThotaGopichandThota/gn-crypto1/signing/secp256k1/scalar.go:72.2,77.11 4 1
github.com/ThotaGopichandThota/gn-crypto1/signing/secp256k1/scalar.go:81.45,83.2 1 0
github.com/ThotaGopichandThota/gn-crypto1/signing/secp256k1/scalar.go:86.48,90.2 2 1
github.com/ThotaGopichandThota/gn-crypto1/signing/secp256k1/scalar.go:93.71,95.2 1 1
github.com/ThotaGopichandThota/gn-crypto1/signing/secp256k1/scalar.go:98.71,100.2 1 1
github.com/ThotaGopichandThota/gn-crypto1/signing/secp256k1/scalar.go:103.47,107.2 2 1
github.com/ThotaGopichandThota/gn-crypto1/signing/secp256k1/scalar.go:110.47,114.2 2 1
github.com/ThotaGopichandThota/gn-crypto1/signing/secp256k1/scalar.go:117.71,119.2 1 1
github.com/ThotaGopichandThota/gn-crypto1/signing/secp256k1/scalar.go:122.71,124.2 1 1
github.com/ThotaGopichandThota/gn-crypto1/signing/secp256k1/scalar.go:127.71,129.2 1 1
github.com/ThotaGopichandThota/gn-crypto1/signing/secp256k1/scalar.go:132.57,134.2 1 1
github.com/ThotaGopichandThota/gn-crypto1/signing/secp256k1/scalar.go:137.69,139.2 1 1
github.com/ThotaGopichandThota/gn-crypto1/signing/secp256k1/scalar.go:142.49,144.2 1 9
github.com/ThotaGopichandThota/gn-crypto1/signing/secp256k1/suite.go:30.37,32.2 1 34
github.com/ThotaGopichandThota/gn-crypto1/signing/secp256k1/suite.go:35.72,37.16 2 22
github.com/ThotaGopichandThota/gn-crypto1/signing/secp256k1/suite.go:37.16,38.63 1 0
github.com/ThotaGopichandThota/gn-crypto1/signing/secp256k1/suite.go:41.2,41.71 1 22
github.com/ThotaGopichandThota/gn-crypto1/signing/secp256k1/suite.go:45.42,47.2 1 1
github.com/ThotaGopichandThota/gn-crypto1/signing/secp256k1/suite.go:50.42,52.2 1 1
github.com/ThotaGopichandThota/gn-crypto1/signing/secp256k1/suite.go:55.55,57.16 2 18
github.com/ThotaGopichandThota/gn-crypto1/signing/secp256k1/suite.go:57.16,58.63 1 0
github.com/ThotaGopichandThota/gn-crypto1/signing/secp256k1/suite.go:61.2,61.35 1 18
github.com/ThotaGopichandThota/gn-crypto1/signing/secp256k1/suite.go:65.41,67.2 1 3
github.com/ThotaGopichandThota/gn-crypto1/signing/secp256k1/suite.go:70.53,73.2 2 19
github.com/ThotaGopichandThota/gn-crypto1/signing/secp256k1/suite.go:76.91,78.9 2 2
github.com/ThotaGopichandThota/gn-crypto1/signing/secp256k1/suite.go:78.9,80.3 1 1
github.com/ThotaGopichandThota/gn-crypto1/signing/secp256k1/suite.go:82.2,82.51 1 1
github.com/ThotaGopichandThota/gn-crypto1/signing/secp256k1/suite.go:86.67,87.37 1 2
github.com/ThotaGopichandThota/gn-crypto1/signing/secp256k1/suite.go:87.37,89.3 1 1
github.com/ThotaGopichandThota/gn-crypto1/signing/secp256k1/suite.go:91.2,93.16 3 1
github.com/ThotaGopichandThota/gn-crypto1/signing/secp256k1/suite.go:93.16,95.3 1 0
github.com/ThotaGopichandThota/gn-crypto1/signing/secp256k1/suite.go:97.2,97.12 1 1
github.com/ThotaGopichandThota/gn-crypto1/signing/secp256k1/suite.go:101.55,105.2 2 0
github.com/ThotaGopichandThota/gn-crypto1/signing/secp256k1/suite.go:108.59,112.2 2 0
github.com/ThotaGopichandThota/gn-crypto1/signing/secp256k1/suite.go:115.48,117.2 1 1
